Log file open, 02/28/22 19:19:51
LogWindows: Failed to load 'aqProf.dll' (GetLastError=126)
LogWindows: File 'aqProf.dll' does not exist
LogWindows: Failed to load 'VtuneApi.dll' (GetLastError=126)
LogWindows: File 'VtuneApi.dll' does not exist
LogWindows: Failed to load 'VtuneApi32e.dll' (GetLastError=126)
LogWindows: File 'VtuneApi32e.dll' does not exist
LogConsoleResponse: Display: Failed to find resolution value strings in scalability ini. Falling back to default.
LogConsoleResponse: Display: Failed to find resolution value strings in scalability ini. Falling back to default.
LogInit: Display: Running engine for game: Engin3TP2
LogPlatformFile: Not using cached read wrapper
LogTaskGraph: Started task graph with 5 named threads and 35 total threads with 3 sets of task threads.
LogStats: Stats thread started at 0.283282
LogICUInternationalization: ICU TimeZone Detection - Raw Offset: -5:00, Platform Override: ''
LogInit: Display: Loading text-based GConfig....
LogPluginManager: Mounting plugin MeshPainting
LogPluginManager: Mounting plugin XGEController
LogPluginManager: Mounting plugin Paper2D
LogPluginManager: Mounting plugin EnvironmentQueryEditor
LogPluginManager: Mounting plugin AISupport
LogPluginManager: Mounting plugin LiveLink
LogPluginManager: Mounting plugin CameraShakePreviewer
LogPluginManager: Mounting plugin GameplayCameras
LogPluginManager: Mounting plugin OodleData
LogPluginManager: Mounting plugin OodleNetwork
LogPluginManager: Mounting plugin AnimationSharing
LogPluginManager: Mounting plugin CLionSourceCodeAccess
LogPluginManager: Mounting plugin CodeLiteSourceCodeAccess
LogPluginManager: Mounting plugin GitSourceControl
LogPluginManager: Mounting plugin KDevelopSourceCodeAccess
LogPluginManager: Mounting plugin NullSourceCodeAccess
LogPluginManager: Mounting plugin PlasticSourceControl
LogPluginManager: Mounting plugin PerforceSourceControl
LogPluginManager: Mounting plugin PixWinPlugin
LogPluginManager: Mounting plugin PluginUtils
LogPluginManager: Mounting plugin PropertyAccessNode
LogPluginManager: Mounting plugin RiderSourceCodeAccess
LogPluginManager: Mounting plugin SubversionSourceControl
LogPluginManager: Mounting plugin UObjectPlugin
LogPluginManager: Mounting plugin TextureFormatOodle
LogPluginManager: Mounting plugin VisualStudioCodeSourceCodeAccess
LogPluginManager: Mounting plugin VisualStudioSourceCodeAccess
LogPluginManager: Mounting plugin XCodeSourceCodeAccess
LogPluginManager: Mounting plugin DatasmithContent
LogPluginManager: Mounting plugin AssetManagerEditor
LogPluginManager: Mounting plugin VariantManagerContent
LogPluginManager: Mounting plugin CryptoKeys
LogPluginManager: Mounting plugin CurveEditorTools
LogPluginManager: Mounting plugin DataValidation
LogPluginManager: Mounting plugin GameplayTagsEditor
LogPluginManager: Mounting plugin FacialAnimation
LogPluginManager: Mounting plugin GeometryMode
LogPluginManager: Mounting plugin MacGraphicsSwitching
LogPluginManager: Mounting plugin MaterialAnalyzer
LogPluginManager: Mounting plugin MobileLauncherProfileWizard
LogPluginManager: Mounting plugin PluginBrowser
LogPluginManager: Mounting plugin SpeedTreeImporter
LogPluginManager: Mounting plugin Niagara
LogPluginManager: Mounting plugin AlembicImporter
LogPluginManager: Mounting plugin AutomationUtils
LogPluginManager: Mounting plugin BackChannel
LogPluginManager: Mounting plugin ChaosClothEditor
LogPluginManager: Mounting plugin ChaosCloth
LogPluginManager: Mounting plugin ChaosEditor
LogPluginManager: Mounting plugin ChaosNiagara
LogPluginManager: Mounting plugin ChaosSolverPlugin
LogPluginManager: Mounting plugin CharacterAI
LogPluginManager: Mounting plugin GeometryCache
LogPluginManager: Mounting plugin GeometryCollectionPlugin
LogPluginManager: Mounting plugin GeometryProcessing
LogPluginManager: Mounting plugin MotoSynth
LogPluginManager: Mounting plugin OpenImageDenoise
LogPluginManager: Mounting plugin PlanarCut
LogPluginManager: Mounting plugin AndroidMedia
LogPluginManager: Mounting plugin PlatformCrypto
LogPluginManager: Mounting plugin ProxyLODPlugin
LogPluginManager: Mounting plugin AvfMedia
LogPluginManager: Mounting plugin PythonScriptPlugin
LogPluginManager: Mounting plugin SkeletalReduction
LogPluginManager: Mounting plugin ImgMedia
LogPluginManager: Mounting plugin MediaCompositing
LogPluginManager: Mounting plugin MediaPlayerEditor
LogPluginManager: Mounting plugin WmfMedia
LogPluginManager: Mounting plugin WebMMedia
LogPluginManager: Mounting plugin LuminPlatformFeatures
LogPluginManager: Mounting plugin MagicLeap
LogPluginManager: Mounting plugin MagicLeapLightEstimation
LogPluginManager: Mounting plugin MagicLeapMedia
LogPluginManager: Mounting plugin MagicLeapPassableWorld
LogPluginManager: Mounting plugin MLSDK
LogPluginManager: Mounting plugin TcpMessaging
LogPluginManager: Mounting plugin UdpMessaging
LogPluginManager: Mounting plugin ActorSequence
LogPluginManager: Mounting plugin LevelSequenceEditor
LogPluginManager: Mounting plugin MatineeToLevelSequence
LogPluginManager: Mounting plugin TemplateSequence
LogPluginManager: Mounting plugin OnlineSubsystem
LogPluginManager: Mounting plugin OnlineSubsystemNull
LogPluginManager: Mounting plugin ActorLayerUtilities
LogPluginManager: Mounting plugin OnlineSubsystemUtils
LogPluginManager: Mounting plugin AndroidDeviceProfileSelector
LogPluginManager: Mounting plugin AndroidMoviePlayer
LogPluginManager: Mounting plugin AndroidPermission
LogPluginManager: Mounting plugin AppleImageUtils
LogPluginManager: Mounting plugin AppleMoviePlayer
LogPluginManager: Mounting plugin ArchVisCharacter
LogPluginManager: Mounting plugin AssetTags
LogPluginManager: Mounting plugin AudioCapture
LogPluginManager: Mounting plugin AudioSynesthesia
LogPluginManager: Mounting plugin CableComponent
LogPluginManager: Mounting plugin ChunkDownloader
LogPluginManager: Mounting plugin EditableMesh
LogPluginManager: Mounting plugin CustomMeshComponent
LogPluginManager: Mounting plugin ExampleDeviceProfileSelector
LogPluginManager: Mounting plugin GoogleCloudMessaging
LogPluginManager: Mounting plugin GooglePAD
LogPluginManager: Mounting plugin LauncherChunkInstaller
LogPluginManager: Mounting plugin IOSDeviceProfileSelector
LogPluginManager: Mounting plugin LinuxDeviceProfileSelector
LogPluginManager: Mounting plugin LocationServicesBPLibrary
LogPluginManager: Mounting plugin MobilePatchingUtils
LogPluginManager: Mounting plugin OpenXR
LogPluginManager: Mounting plugin OpenXREyeTracker
LogPluginManager: Mounting plugin OpenXRHandTracking
LogPluginManager: Mounting plugin ScreenshotTools
LogPluginManager: Mounting plugin PhysXVehicles
LogPluginManager: Mounting plugin Takes
LogPluginManager: Mounting plugin PostSplashScreen
LogPluginManager: Mounting plugin ProceduralMeshComponent
LogPluginManager: Mounting plugin RuntimePhysXCooking
LogPluginManager: Mounting plugin SignificanceManager
LogPluginManager: Mounting plugin PropertyAccessEditor
LogPluginManager: Mounting plugin SoundFields
LogPluginManager: Mounting plugin Synthesis
LogPluginManager: Mounting plugin WebMMoviePlayer
LogPluginManager: Mounting plugin LightPropagationVolume
LogPluginManager: Mounting plugin WindowsMoviePlayer
LogPluginManager: Mounting plugin ContentBrowserClassDataSource
LogPluginManager: Mounting plugin ContentBrowserAssetDataSource
LogPluginManager: Mounting plugin ContentBrowserFileDataSource
LogPluginManager: Mounting plugin OnlineSubsystemGooglePlay
LogPluginManager: Mounting plugin OnlineSubsystemIOS
LogPluginManager: Mounting plugin OculusVR
LogPluginManager: Mounting plugin SteamVR
PixWinPlugin: PIX capture plugin failed to initialize! Check that the process is launched from PIX.
LogInit: Using libcurl 7.55.1-DEV
LogInit:  - built for x86_64-pc-win32
LogInit:  - supports SSL with OpenSSL/1.1.1
LogInit:  - supports HTTP deflate (compression) using libz 1.2.8
LogInit:  - other features:
LogInit:      CURL_VERSION_SSL
LogInit:      CURL_VERSION_LIBZ
LogInit:      CURL_VERSION_IPV6
LogInit:      CURL_VERSION_ASYNCHDNS
LogInit:      CURL_VERSION_LARGEFILE
LogInit:      CURL_VERSION_IDN
LogInit:  CurlRequestOptions (configurable via config and command line):
LogInit:  - bVerifyPeer = true  - Libcurl will verify peer certificate
LogInit:  - bUseHttpProxy = false  - Libcurl will NOT use HTTP proxy
LogInit:  - bDontReuseConnections = false  - Libcurl will reuse connections
LogInit:  - MaxHostConnections = 16  - Libcurl will limit the number of connections to a host
LogInit:  - LocalHostAddr = Default
LogInit:  - BufferSize = 65536
LogOnline: OSS: Creating online subsystem instance for: NULL
LogInit: WinSock: version 1.1 (2.2), MaxSocks=32767, MaxUdp=65467
LogOnline: OSS: TryLoadSubsystemAndSetDefault: Loaded subsystem for module [NULL]
LogOculusPluginWrapper: OculusPlugin initialized successfully
LogHMD: Failed initializing OVRPlugin 1.59.0
LogInit: Build: ++UE4+Release-4.27-CL-18319896
LogInit: Engine Version: 4.27.2-18319896+++UE4+Release-4.27
LogInit: Compatible Engine Version: 4.27.0-17155196+++UE4+Release-4.27
LogInit: Net CL: 17155196
LogInit: OS: Windows 10 (Release 2009) (), CPU: AMD Ryzen 5 3600X 6-Core Processor             , GPU: NVIDIA GeForce GTX 1660
LogInit: Compiled (64-bit): Nov 30 2021 07:12:08
LogInit: Compiled with Visual C++: 19.24.28315.00
LogInit: Build Configuration: Development
LogInit: Branch Name: ++UE4+Release-4.27
LogInit: Command Line: 
LogInit: Base Directory: d:/Program Files/Epic Games/UE_4.27/Engine/Binaries/Win64/
LogInit: Allocator: TBB
LogInit: Installed Engine Build: 1
LogDevObjectVersion: Number of dev versions registered: 29
LogDevObjectVersion:   Dev-Blueprints (B0D832E4-1F89-4F0D-ACCF-7EB736FD4AA2): 10
LogDevObjectVersion:   Dev-Build (E1C64328-A22C-4D53-A36C-8E866417BD8C): 0
LogDevObjectVersion:   Dev-Core (375EC13C-06E4-48FB-B500-84F0262A717E): 4
LogDevObjectVersion:   Dev-Editor (E4B068ED-F494-42E9-A231-DA0B2E46BB41): 40
LogDevObjectVersion:   Dev-Framework (CFFC743F-43B0-4480-9391-14DF171D2073): 37
LogDevObjectVersion:   Dev-Mobile (B02B49B5-BB20-44E9-A304-32B752E40360): 3
LogDevObjectVersion:   Dev-Networking (A4E4105C-59A1-49B5-A7C5-40C4547EDFEE): 0
LogDevObjectVersion:   Dev-Online (39C831C9-5AE6-47DC-9A44-9C173E1C8E7C): 0
LogDevObjectVersion:   Dev-Physics (78F01B33-EBEA-4F98-B9B4-84EACCB95AA2): 14
LogDevObjectVersion:   Dev-Platform (6631380F-2D4D-43E0-8009-CF276956A95A): 0
LogDevObjectVersion:   Dev-Rendering (12F88B9F-8875-4AFC-A67C-D90C383ABD29): 45
LogDevObjectVersion:   Dev-Sequencer (7B5AE74C-D270-4C10-A958-57980B212A5A): 13
LogDevObjectVersion:   Dev-VR (D7296918-1DD6-4BDD-9DE2-64A83CC13884): 3
LogDevObjectVersion:   Dev-LoadTimes (C2A15278-BFE7-4AFE-6C17-90FF531DF755): 1
LogDevObjectVersion:   Private-Geometry (6EACA3D4-40EC-4CC1-B786-8BED09428FC5): 3
LogDevObjectVersion:   Dev-AnimPhys (29E575DD-E0A3-4627-9D10-D276232CDCEA): 17
LogDevObjectVersion:   Dev-Anim (AF43A65D-7FD3-4947-9873-3E8ED9C1BB05): 15
LogDevObjectVersion:   Dev-ReflectionCapture (6B266CEC-1EC7-4B8F-A30B-E4D90942FC07): 1
LogDevObjectVersion:   Dev-Automation (0DF73D61-A23F-47EA-B727-89E90C41499A): 1
LogDevObjectVersion:   FortniteMain (601D1886-AC64-4F84-AA16-D3DE0DEAC7D6): 47
LogDevObjectVersion:   FortniteRelease (E7086368-6B23-4C58-8439-1B7016265E91): 1
LogDevObjectVersion:   Dev-Enterprise (9DFFBCD6-494F-0158-E221-12823C92A888): 10
LogDevObjectVersion:   Dev-Niagara (F2AED0AC-9AFE-416F-8664-AA7FFA26D6FC): 1
LogDevObjectVersion:   Dev-Destruction (174F1F0B-B4C6-45A5-B13F-2EE8D0FB917D): 10
LogDevObjectVersion:   Dev-Physics-Ext (35F94A83-E258-406C-A318-09F59610247C): 41
LogDevObjectVersion:   Dev-PhysicsMaterial-Chaos (B68FC16E-8B1B-42E2-B453-215C058844FE): 1
LogDevObjectVersion:   Dev-CineCamera (B2E18506-4273-CFC2-A54E-F4BB758BBA07): 1
LogDevObjectVersion:   Dev-VirtualProduction (64F58936-FD1B-42BA-BA96-7289D5D0FA4E): 1
LogDevObjectVersion:   Dev-MediaFramework (6F0ED827-A609-4895-9C91-998D90180EA4): 2
LogInit: Presizing for max 25165824 objects, including 0 objects not considered by GC, pre-allocating 0 bytes for permanent pool.
LogConfig: Applying CVar settings from Section [/Script/Engine.StreamingSettings] File [d:/Repos/GitHub/Engin3TP2/UnrealEngineHourofCode/Saved/Config/Windows/Engine.ini]
LogConfig: Setting CVar [[s.MinBulkDataSizeForAsyncLoading:131072]]
LogConfig: Setting CVar [[s.AsyncLoadingThreadEnabled:0]]
LogConfig: Setting CVar [[s.EventDrivenLoaderEnabled:1]]
LogConfig: Setting CVar [[s.WarnIfTimeLimitExceeded:0]]
LogConfig: Setting CVar [[s.TimeLimitExceededMultiplier:1.5]]
LogConfig: Setting CVar [[s.TimeLimitExceededMinTime:0.005]]
LogConfig: Setting CVar [[s.UseBackgroundLevelStreaming:1]]
LogConfig: Setting CVar [[s.PriorityAsyncLoadingExtraTime:15.0]]
LogConfig: Setting CVar [[s.LevelStreamingActorsUpdateTimeLimit:5.0]]
LogConfig: Setting CVar [[s.PriorityLevelStreamingActorsUpdateExtraTime:5.0]]
LogConfig: Setting CVar [[s.LevelStreamingComponentsRegistrationGranularity:10]]
LogConfig: Setting CVar [[s.UnregisterComponentsTimeLimit:1.0]]
LogConfig: Setting CVar [[s.LevelStreamingComponentsUnregistrationGranularity:5]]
LogConfig: Setting CVar [[s.FlushStreamingOnExit:1]]
LogInit: Object subsystem initialized
LogConfig: Setting CVar [[con.DebugEarlyDefault:1]]
LogConfig: Setting CVar [[r.setres:1280x720]]
[2022.03.01-00.19.53:497][  0]LogConfig: Setting CVar [[r.VSync:0]]
[2022.03.01-00.19.53:497][  0]LogConfig: Setting CVar [[r.RHICmdBypass:0]]
[2022.03.01-00.19.53:497][  0]LogConfig: Applying CVar settings from Section [/Script/Engine.RendererSettings] File [d:/Repos/GitHub/Engin3TP2/UnrealEngineHourofCode/Saved/Config/Windows/Engine.ini]
[2022.03.01-00.19.53:497][  0]LogConfig: Setting CVar [[r.GPUCrashDebugging:0]]
[2022.03.01-00.19.53:497][  0]LogConfig: Applying CVar settings from Section [/Script/Engine.RendererOverrideSettings] File [d:/Repos/GitHub/Engin3TP2/UnrealEngineHourofCode/Saved/Config/Windows/Engine.ini]
[2022.03.01-00.19.53:497][  0]LogConfig: Applying CVar settings from Section [/Script/Engine.StreamingSettings] File [d:/Repos/GitHub/Engin3TP2/UnrealEngineHourofCode/Saved/Config/Windows/Engine.ini]
[2022.03.01-00.19.53:497][  0]LogConfig: Setting CVar [[s.MinBulkDataSizeForAsyncLoading:131072]]
[2022.03.01-00.19.53:498][  0]LogConfig: Setting CVar [[s.AsyncLoadingThreadEnabled:0]]
[2022.03.01-00.19.53:498][  0]LogConfig: Setting CVar [[s.EventDrivenLoaderEnabled:1]]
[2022.03.01-00.19.53:498][  0]LogConfig: Setting CVar [[s.WarnIfTimeLimitExceeded:0]]
[2022.03.01-00.19.53:498][  0]LogConfig: Setting CVar [[s.TimeLimitExceededMultiplier:1.5]]
[2022.03.01-00.19.53:498][  0]LogConfig: Setting CVar [[s.TimeLimitExceededMinTime:0.005]]
[2022.03.01-00.19.53:498][  0]LogConfig: Setting CVar [[s.UseBackgroundLevelStreaming:1]]
[2022.03.01-00.19.53:498][  0]LogConfig: Setting CVar [[s.PriorityAsyncLoadingExtraTime:15.0]]
[2022.03.01-00.19.53:498][  0]LogConfig: Setting CVar [[s.LevelStreamingActorsUpdateTimeLimit:5.0]]
[2022.03.01-00.19.53:498][  0]LogConfig: Setting CVar [[s.PriorityLevelStreamingActorsUpdateExtraTime:5.0]]
[2022.03.01-00.19.53:498][  0]LogConfig: Setting CVar [[s.LevelStreamingComponentsRegistrationGranularity:10]]
[2022.03.01-00.19.53:498][  0]LogConfig: Setting CVar [[s.UnregisterComponentsTimeLimit:1.0]]
[2022.03.01-00.19.53:498][  0]LogConfig: Setting CVar [[s.LevelStreamingComponentsUnregistrationGranularity:5]]
[2022.03.01-00.19.53:498][  0]LogConfig: Setting CVar [[s.FlushStreamingOnExit:1]]
[2022.03.01-00.19.53:498][  0]LogConfig: Applying CVar settings from Section [/Script/Engine.GarbageCollectionSettings] File [d:/Repos/GitHub/Engin3TP2/UnrealEngineHourofCode/Saved/Config/Windows/Engine.ini]
[2022.03.01-00.19.53:498][  0]LogConfig: Setting CVar [[gc.MaxObjectsNotConsideredByGC:1]]
[2022.03.01-00.19.53:498][  0]LogConfig: Setting CVar [[gc.SizeOfPermanentObjectPool:0]]
[2022.03.01-00.19.53:498][  0]LogConfig: Setting CVar [[gc.FlushStreamingOnGC:0]]
[2022.03.01-00.19.53:498][  0]LogConfig: Setting CVar [[gc.NumRetriesBeforeForcingGC:10]]
[2022.03.01-00.19.53:498][  0]LogConfig: Setting CVar [[gc.AllowParallelGC:1]]
[2022.03.01-00.19.53:498][  0]LogConfig: Setting CVar [[gc.TimeBetweenPurgingPendingKillObjects:61.1]]
[2022.03.01-00.19.53:498][  0]LogConfig: Setting CVar [[gc.MaxObjectsInEditor:25165824]]
[2022.03.01-00.19.53:498][  0]LogConfig: Setting CVar [[gc.IncrementalBeginDestroyEnabled:1]]
[2022.03.01-00.19.53:498][  0]LogConfig: Setting CVar [[gc.CreateGCClusters:1]]
[2022.03.01-00.19.53:498][  0]LogConfig: Setting CVar [[gc.MinGCClusterSize:5]]
[2022.03.01-00.19.53:498][  0]LogConfig: Setting CVar [[gc.ActorClusteringEnabled:0]]
[2022.03.01-00.19.53:498][  0]LogConfig: Setting CVar [[gc.BlueprintClusteringEnabled:0]]
[2022.03.01-00.19.53:498][  0]LogConfig: Setting CVar [[gc.UseDisregardForGCOnDedicatedServers:0]]
[2022.03.01-00.19.53:498][  0]LogConfig: Setting CVar [[gc.MultithreadedDestructionEnabled:1]]
[2022.03.01-00.19.53:498][  0]LogConfig: Applying CVar settings from Section [/Script/Engine.NetworkSettings] File [d:/Repos/GitHub/Engin3TP2/UnrealEngineHourofCode/Saved/Config/Windows/Engine.ini]
[2022.03.01-00.19.53:498][  0]LogConfig: Applying CVar settings from Section [/Script/UnrealEd.CookerSettings] File [d:/Repos/GitHub/Engin3TP2/UnrealEngineHourofCode/Saved/Config/Windows/Engine.ini]
[2022.03.01-00.19.53:549][  0]LogConfig: Applying CVar settings from Section [ViewDistanceQuality@3] File [d:/Repos/GitHub/Engin3TP2/UnrealEngineHourofCode/Saved/Config/Windows/Scalability.ini]
[2022.03.01-00.19.53:549][  0]LogConfig: Setting CVar [[r.SkeletalMeshLODBias:0]]
[2022.03.01-00.19.53:549][  0]LogConfig: Setting CVar [[r.ViewDistanceScale:1.0]]
[2022.03.01-00.19.53:549][  0]LogConfig: Applying CVar settings from Section [AntiAliasingQuality@3] File [d:/Repos/GitHub/Engin3TP2/UnrealEngineHourofCode/Saved/Config/Windows/Scalability.ini]
[2022.03.01-00.19.53:549][  0]LogConfig: Setting CVar [[r.PostProcessAAQuality:4]]
[2022.03.01-00.19.53:549][  0]LogConfig: Applying CVar settings from Section [ShadowQuality@3] File [d:/Repos/GitHub/Engin3TP2/UnrealEngineHourofCode/Saved/Config/Windows/Scalability.ini]
[2022.03.01-00.19.53:549][  0]LogConfig: Setting CVar [[r.LightFunctionQuality:1]]
[2022.03.01-00.19.53:549][  0]LogConfig: Setting CVar [[r.ShadowQuality:5]]
[2022.03.01-00.19.53:549][  0]LogConfig: Setting CVar [[r.Shadow.CSM.MaxCascades:10]]
[2022.03.01-00.19.53:549][  0]LogConfig: Setting CVar [[r.Shadow.MaxResolution:2048]]
[2022.03.01-00.19.53:549][  0]LogConfig: Setting CVar [[r.Shadow.MaxCSMResolution:2048]]
[2022.03.01-00.19.53:549][  0]LogConfig: Setting CVar [[r.Shadow.RadiusThreshold:0.01]]
[2022.03.01-00.19.53:549][  0]LogConfig: Setting CVar [[r.Shadow.DistanceScale:1.0]]
[2022.03.01-00.19.53:549][  0]LogConfig: Setting CVar [[r.Shadow.CSM.TransitionScale:1.0]]
[2022.03.01-00.19.53:549][  0]LogConfig: Setting CVar [[r.Shadow.PreShadowResolutionFactor:1.0]]
[2022.03.01-00.19.53:549][  0]LogConfig: Setting CVar [[r.DistanceFieldShadowing:1]]
[2022.03.01-00.19.53:549][  0]LogConfig: Setting CVar [[r.DistanceFieldAO:1]]
[2022.03.01-00.19.53:549][  0]LogConfig: Setting CVar [[r.AOQuality:2]]
[2022.03.01-00.19.53:549][  0]LogConfig: Setting CVar [[r.VolumetricFog:1]]
[2022.03.01-00.19.53:549][  0]LogConfig: Setting CVar [[r.VolumetricFog.GridPixelSize:8]]
[2022.03.01-00.19.53:549][  0]LogConfig: Setting CVar [[r.VolumetricFog.GridSizeZ:128]]
[2022.03.01-00.19.53:549][  0]LogConfig: Setting CVar [[r.VolumetricFog.HistoryMissSupersampleCount:4]]
[2022.03.01-00.19.53:549][  0]LogConfig: Setting CVar [[r.LightMaxDrawDistanceScale:1]]
[2022.03.01-00.19.53:549][  0]LogConfig: Setting CVar [[r.CapsuleShadows:1]]
[2022.03.01-00.19.53:549][  0]LogConfig: Applying CVar settings from Section [PostProcessQuality@3] File [d:/Repos/GitHub/Engin3TP2/UnrealEngineHourofCode/Saved/Config/Windows/Scalability.ini]
[2022.03.01-00.19.53:549][  0]LogConfig: Setting CVar [[r.MotionBlurQuality:4]]
[2022.03.01-00.19.53:549][  0]LogConfig: Setting CVar [[r.AmbientOcclusionMipLevelFactor:0.4]]
[2022.03.01-00.19.53:549][  0]LogConfig: Setting CVar [[r.AmbientOcclusionMaxQuality:100]]
[2022.03.01-00.19.53:549][  0]LogConfig: Setting CVar [[r.AmbientOcclusionLevels:-1]]
[2022.03.01-00.19.53:549][  0]LogConfig: Setting CVar [[r.AmbientOcclusionRadiusScale:1.0]]
[2022.03.01-00.19.53:549][  0]LogConfig: Setting CVar [[r.DepthOfFieldQuality:2]]
[2022.03.01-00.19.53:549][  0]LogConfig: Setting CVar [[r.RenderTargetPoolMin:400]]
[2022.03.01-00.19.53:549][  0]LogConfig: Setting CVar [[r.LensFlareQuality:2]]
[2022.03.01-00.19.53:549][  0]LogConfig: Setting CVar [[r.SceneColorFringeQuality:1]]
[2022.03.01-00.19.53:549][  0]LogConfig: Setting CVar [[r.EyeAdaptationQuality:2]]
[2022.03.01-00.19.53:549][  0]LogConfig: Setting CVar [[r.BloomQuality:5]]
[2022.03.01-00.19.53:549][  0]LogConfig: Setting CVar [[r.FastBlurThreshold:100]]
[2022.03.01-00.19.53:549][  0]LogConfig: Setting CVar [[r.Upscale.Quality:3]]
[2022.03.01-00.19.53:549][  0]LogConfig: Setting CVar [[r.Tonemapper.GrainQuantization:1]]
[2022.03.01-00.19.53:549][  0]LogConfig: Setting CVar [[r.LightShaftQuality:1]]
[2022.03.01-00.19.53:549][  0]LogConfig: Setting CVar [[r.Filter.SizeScale:1]]
[2022.03.01-00.19.53:549][  0]LogConfig: Setting CVar [[r.Tonemapper.Quality:5]]
[2022.03.01-00.19.53:549][  0]LogConfig: Setting CVar [[r.DOF.Gather.AccumulatorQuality:1        ; higher gathering accumulator quality]]
[2022.03.01-00.19.53:549][  0]LogConfig: Setting CVar [[r.DOF.Gather.PostfilterMethod:1          ; Median3x3 postfilering method]]
[2022.03.01-00.19.53:549][  0]LogConfig: Setting CVar [[r.DOF.Gather.EnableBokehSettings:0       ; no bokeh simulation when gathering]]
[2022.03.01-00.19.53:549][  0]LogConfig: Setting CVar [[r.DOF.Gather.RingCount:4                 ; medium number of samples when gathering]]
[2022.03.01-00.19.53:549][  0]LogConfig: Setting CVar [[r.DOF.Scatter.ForegroundCompositing:1    ; additive foreground scattering]]
[2022.03.01-00.19.53:549][  0]LogConfig: Setting CVar [[r.DOF.Scatter.BackgroundCompositing:2    ; additive background scattering]]
[2022.03.01-00.19.53:549][  0]LogConfig: Setting CVar [[r.DOF.Scatter.EnableBokehSettings:1      ; bokeh simulation when scattering]]
[2022.03.01-00.19.53:549][  0]LogConfig: Setting CVar [[r.DOF.Scatter.MaxSpriteRatio:0.1         ; only a maximum of 10% of scattered bokeh]]
[2022.03.01-00.19.53:549][  0]LogConfig: Setting CVar [[r.DOF.Recombine.Quality:1                ; cheap slight out of focus]]
[2022.03.01-00.19.53:549][  0]LogConfig: Setting CVar [[r.DOF.Recombine.EnableBokehSettings:0    ; no bokeh simulation on slight out of focus]]
[2022.03.01-00.19.53:549][  0]LogConfig: Setting CVar [[r.DOF.TemporalAAQuality:1                ; more stable temporal accumulation]]
[2022.03.01-00.19.53:549][  0]LogConfig: Setting CVar [[r.DOF.Kernel.MaxForegroundRadius:0.025]]
[2022.03.01-00.19.53:549][  0]LogConfig: Setting CVar [[r.DOF.Kernel.MaxBackgroundRadius:0.025]]
[2022.03.01-00.19.53:549][  0]LogConfig: Applying CVar settings from Section [TextureQuality@3] File [d:/Repos/GitHub/Engin3TP2/UnrealEngineHourofCode/Saved/Config/Windows/Scalability.ini]
[2022.03.01-00.19.53:549][  0]LogConfig: Setting CVar [[r.Streaming.MipBias:0]]
[2022.03.01-00.19.53:549][  0]LogConfig: Setting CVar [[r.Streaming.AmortizeCPUToGPUCopy:0]]
[2022.03.01-00.19.53:549][  0]LogConfig: Setting CVar [[r.Streaming.MaxNumTexturesToStreamPerFrame:0]]
[2022.03.01-00.19.53:549][  0]LogConfig: Setting CVar [[r.Streaming.Boost:1]]
[2022.03.01-00.19.53:549][  0]LogConfig: Setting CVar [[r.MaxAnisotropy:8]]
[2022.03.01-00.19.53:549][  0]LogConfig: Setting CVar [[r.VT.MaxAnisotropy:8]]
[2022.03.01-00.19.53:549][  0]LogConfig: Setting CVar [[r.Streaming.LimitPoolSizeToVRAM:0]]
[2022.03.01-00.19.53:549][  0]LogConfig: Setting CVar [[r.Streaming.PoolSize:1000]]
[2022.03.01-00.19.53:549][  0]LogConfig: Setting CVar [[r.Streaming.MaxEffectiveScreenSize:0]]
[2022.03.01-00.19.53:549][  0]LogConfig: Applying CVar settings from Section [EffectsQuality@3] File [d:/Repos/GitHub/Engin3TP2/UnrealEngineHourofCode/Saved/Config/Windows/Scalability.ini]
[2022.03.01-00.19.53:549][  0]LogConfig: Setting CVar [[r.TranslucencyLightingVolumeDim:64]]
[2022.03.01-00.19.53:549][  0]LogConfig: Setting CVar [[r.RefractionQuality:2]]
[2022.03.01-00.19.53:549][  0]LogConfig: Setting CVar [[r.SSR.Quality:3]]
[2022.03.01-00.19.53:549][  0]LogConfig: Setting CVar [[r.SSR.HalfResSceneColor:0]]
[2022.03.01-00.19.53:549][  0]LogConfig: Setting CVar [[r.SceneColorFormat:4]]
[2022.03.01-00.19.53:549][  0]LogConfig: Setting CVar [[r.DetailMode:2]]
[2022.03.01-00.19.53:549][  0]LogConfig: Setting CVar [[r.TranslucencyVolumeBlur:1]]
[2022.03.01-00.19.53:549][  0]LogConfig: Setting CVar [[r.MaterialQualityLevel:1 ; High quality]]
[2022.03.01-00.19.53:549][  0]LogConfig: Setting CVar [[r.AnisotropicMaterials:1]]
[2022.03.01-00.19.53:549][  0]LogConfig: Setting CVar [[r.SSS.Scale:1]]
[2022.03.01-00.19.53:549][  0]LogConfig: Setting CVar [[r.SSS.SampleSet:2]]
[2022.03.01-00.19.53:549][  0]LogConfig: Setting CVar [[r.SSS.Quality:1]]
[2022.03.01-00.19.53:549][  0]LogConfig: Setting CVar [[r.SSS.HalfRes:0]]
[2022.03.01-00.19.53:549][  0]LogConfig: Setting CVar [[r.SSGI.Quality:3]]
[2022.03.01-00.19.53:549][  0]LogConfig: Setting CVar [[r.EmitterSpawnRateScale:1.0]]
[2022.03.01-00.19.53:549][  0]LogConfig: Setting CVar [[r.ParticleLightQuality:2]]
[2022.03.01-00.19.53:549][  0]LogConfig: Setting CVar [[r.SkyAtmosphere.AerialPerspectiveLUT.FastApplyOnOpaque:1 ; Always have FastSkyLUT 1 in this case to avoid wrong sky]]
[2022.03.01-00.19.53:549][  0]LogConfig: Setting CVar [[r.SkyAtmosphere.AerialPerspectiveLUT.SampleCountMaxPerSlice:4]]
[2022.03.01-00.19.53:549][  0]LogConfig: Setting CVar [[r.SkyAtmosphere.AerialPerspectiveLUT.DepthResolution:16.0]]
[2022.03.01-00.19.53:549][  0]LogConfig: Setting CVar [[r.SkyAtmosphere.FastSkyLUT:1]]
[2022.03.01-00.19.53:549][  0]LogConfig: Setting CVar [[r.SkyAtmosphere.FastSkyLUT.SampleCountMin:4.0]]
[2022.03.01-00.19.53:549][  0]LogConfig: Setting CVar [[r.SkyAtmosphere.FastSkyLUT.SampleCountMax:128.0]]
[2022.03.01-00.19.53:549][  0]LogConfig: Setting CVar [[r.SkyAtmosphere.SampleCountMin:4.0]]
[2022.03.01-00.19.53:549][  0]LogConfig: Setting CVar [[r.SkyAtmosphere.SampleCountMax:128.0]]
[2022.03.01-00.19.53:550][  0]LogConfig: Setting CVar [[r.SkyAtmosphere.TransmittanceLUT.UseSmallFormat:0]]
[2022.03.01-00.19.53:550][  0]LogConfig: Setting CVar [[r.SkyAtmosphere.TransmittanceLUT.SampleCount:10.0]]
[2022.03.01-00.19.53:550][  0]LogConfig: Setting CVar [[r.SkyAtmosphere.MultiScatteringLUT.SampleCount:15.0]]
[2022.03.01-00.19.53:550][  0]LogConfig: Setting CVar [[r.SkyLight.RealTimeReflectionCapture:1]]
[2022.03.01-00.19.53:550][  0]LogConfig: Applying CVar settings from Section [FoliageQuality@3] File [d:/Repos/GitHub/Engin3TP2/UnrealEngineHourofCode/Saved/Config/Windows/Scalability.ini]
[2022.03.01-00.19.53:550][  0]LogConfig: Setting CVar [[foliage.DensityScale:1.0]]
[2022.03.01-00.19.53:550][  0]LogConfig: Setting CVar [[grass.DensityScale:1.0]]
[2022.03.01-00.19.53:550][  0]LogConfig: Applying CVar settings from Section [ShadingQuality@3] File [d:/Repos/GitHub/Engin3TP2/UnrealEngineHourofCode/Saved/Config/Windows/Scalability.ini]
[2022.03.01-00.19.53:550][  0]LogConfig: Setting CVar [[r.HairStrands.SkyLighting.IntegrationType:2]]
[2022.03.01-00.19.53:550][  0]LogConfig: Setting CVar [[r.HairStrands.SkyAO.SampleCount:4]]
[2022.03.01-00.19.53:550][  0]LogConfig: Setting CVar [[r.HairStrands.Visibility.MSAA.SamplePerPixel:4]]
[2022.03.01-00.19.53:550][  0]LogInit: Selected Device Profile: [Windows]
[2022.03.01-00.19.53:550][  0]LogInit: Applying CVar settings loaded from the selected device profile: [Windows]
[2022.03.01-00.19.53:550][  0]LogHAL: Display: Platform has ~ 16 GB [17129627648 / 17179869184 / 16], which maps to Larger [LargestMinGB=32, LargerMinGB=12, DefaultMinGB=8, SmallerMinGB=6, SmallestMinGB=0)
[2022.03.01-00.19.53:550][  0]LogInit: Going up to parent DeviceProfile []
[2022.03.01-00.19.53:550][  0]LogConfig: Applying CVar settings from Section [ViewDistanceQuality@3] File [d:/Repos/GitHub/Engin3TP2/UnrealEngineHourofCode/Saved/Config/Windows/Scalability.ini]
[2022.03.01-00.19.53:550][  0]LogConfig: Setting CVar [[r.SkeletalMeshLODBias:0]]
[2022.03.01-00.19.53:550][  0]LogConfig: Setting CVar [[r.ViewDistanceScale:1.0]]
[2022.03.01-00.19.53:550][  0]LogConfig: Applying CVar settings from Section [AntiAliasingQuality@3] File [d:/Repos/GitHub/Engin3TP2/UnrealEngineHourofCode/Saved/Config/Windows/Scalability.ini]
[2022.03.01-00.19.53:550][  0]LogConfig: Setting CVar [[r.PostProcessAAQuality:4]]
[2022.03.01-00.19.53:550][  0]LogConfig: Applying CVar settings from Section [ShadowQuality@3] File [d:/Repos/GitHub/Engin3TP2/UnrealEngineHourofCode/Saved/Config/Windows/Scalability.ini]
[2022.03.01-00.19.53:550][  0]LogConfig: Setting CVar [[r.LightFunctionQuality:1]]
[2022.03.01-00.19.53:550][  0]LogConfig: Setting CVar [[r.ShadowQuality:5]]
[2022.03.01-00.19.53:550][  0]LogConfig: Setting CVar [[r.Shadow.CSM.MaxCascades:10]]
[2022.03.01-00.19.53:550][  0]LogConfig: Setting CVar [[r.Shadow.MaxResolution:2048]]
[2022.03.01-00.19.53:550][  0]LogConfig: Setting CVar [[r.Shadow.MaxCSMResolution:2048]]
[2022.03.01-00.19.53:550][  0]LogConfig: Setting CVar [[r.Shadow.RadiusThreshold:0.01]]
[2022.03.01-00.19.53:550][  0]LogConfig: Setting CVar [[r.Shadow.DistanceScale:1.0]]
[2022.03.01-00.19.53:550][  0]LogConfig: Setting CVar [[r.Shadow.CSM.TransitionScale:1.0]]
[2022.03.01-00.19.53:550][  0]LogConfig: Setting CVar [[r.Shadow.PreShadowResolutionFactor:1.0]]
[2022.03.01-00.19.53:550][  0]LogConfig: Setting CVar [[r.DistanceFieldShadowing:1]]
[2022.03.01-00.19.53:550][  0]LogConfig: Setting CVar [[r.DistanceFieldAO:1]]
[2022.03.01-00.19.53:550][  0]LogConfig: Setting CVar [[r.AOQuality:2]]
[2022.03.01-00.19.53:550][  0]LogConfig: Setting CVar [[r.VolumetricFog:1]]
[2022.03.01-00.19.53:550][  0]LogConfig: Setting CVar [[r.VolumetricFog.GridPixelSize:8]]
[2022.03.01-00.19.53:550][  0]LogConfig: Setting CVar [[r.VolumetricFog.GridSizeZ:128]]
[2022.03.01-00.19.53:550][  0]LogConfig: Setting CVar [[r.VolumetricFog.HistoryMissSupersampleCount:4]]
[2022.03.01-00.19.53:550][  0]LogConfig: Setting CVar [[r.LightMaxDrawDistanceScale:1]]
[2022.03.01-00.19.53:550][  0]LogConfig: Setting CVar [[r.CapsuleShadows:1]]
[2022.03.01-00.19.53:550][  0]LogConfig: Applying CVar settings from Section [PostProcessQuality@3] File [d:/Repos/GitHub/Engin3TP2/UnrealEngineHourofCode/Saved/Config/Windows/Scalability.ini]
[2022.03.01-00.19.53:550][  0]LogConfig: Setting CVar [[r.MotionBlurQuality:4]]
[2022.03.01-00.19.53:550][  0]LogConfig: Setting CVar [[r.AmbientOcclusionMipLevelFactor:0.4]]
[2022.03.01-00.19.53:550][  0]LogConfig: Setting CVar [[r.AmbientOcclusionMaxQuality:100]]
[2022.03.01-00.19.53:550][  0]LogConfig: Setting CVar [[r.AmbientOcclusionLevels:-1]]
[2022.03.01-00.19.53:550][  0]LogConfig: Setting CVar [[r.AmbientOcclusionRadiusScale:1.0]]
[2022.03.01-00.19.53:550][  0]LogConfig: Setting CVar [[r.DepthOfFieldQuality:2]]
[2022.03.01-00.19.53:550][  0]LogConfig: Setting CVar [[r.RenderTargetPoolMin:400]]
[2022.03.01-00.19.53:550][  0]LogConfig: Setting CVar [[r.LensFlareQuality:2]]
[2022.03.01-00.19.53:550][  0]LogConfig: Setting CVar [[r.SceneColorFringeQuality:1]]
[2022.03.01-00.19.53:550][  0]LogConfig: Setting CVar [[r.EyeAdaptationQuality:2]]
[2022.03.01-00.19.53:550][  0]LogConfig: Setting CVar [[r.BloomQuality:5]]
[2022.03.01-00.19.53:550][  0]LogConfig: Setting CVar [[r.FastBlurThreshold:100]]
[2022.03.01-00.19.53:550][  0]LogConfig: Setting CVar [[r.Upscale.Quality:3]]
[2022.03.01-00.19.53:550][  0]LogConfig: Setting CVar [[r.Tonemapper.GrainQuantization:1]]
[2022.03.01-00.19.53:550][  0]LogConfig: Setting CVar [[r.LightShaftQuality:1]]
[2022.03.01-00.19.53:550][  0]LogConfig: Setting CVar [[r.Filter.SizeScale:1]]
[2022.03.01-00.19.53:550][  0]LogConfig: Setting CVar [[r.Tonemapper.Quality:5]]
[2022.03.01-00.19.53:550][  0]LogConfig: Setting CVar [[r.DOF.Gather.AccumulatorQuality:1        ; higher gathering accumulator quality]]
[2022.03.01-00.19.53:550][  0]LogConfig: Setting CVar [[r.DOF.Gather.PostfilterMethod:1          ; Median3x3 postfilering method]]
[2022.03.01-00.19.53:550][  0]LogConfig: Setting CVar [[r.DOF.Gather.EnableBokehSettings:0       ; no bokeh simulation when gathering]]
[2022.03.01-00.19.53:550][  0]LogConfig: Setting CVar [[r.DOF.Gather.RingCount:4                 ; medium number of samples when gathering]]
[2022.03.01-00.19.53:550][  0]LogConfig: Setting CVar [[r.DOF.Scatter.ForegroundCompositing:1    ; additive foreground scattering]]
[2022.03.01-00.19.53:550][  0]LogConfig: Setting CVar [[r.DOF.Scatter.BackgroundCompositing:2    ; additive background scattering]]
[2022.03.01-00.19.53:550][  0]LogConfig: Setting CVar [[r.DOF.Scatter.EnableBokehSettings:1      ; bokeh simulation when scattering]]
[2022.03.01-00.19.53:550][  0]LogConfig: Setting CVar [[r.DOF.Scatter.MaxSpriteRatio:0.1         ; only a maximum of 10% of scattered bokeh]]
[2022.03.01-00.19.53:550][  0]LogConfig: Setting CVar [[r.DOF.Recombine.Quality:1                ; cheap slight out of focus]]
[2022.03.01-00.19.53:550][  0]LogConfig: Setting CVar [[r.DOF.Recombine.EnableBokehSettings:0    ; no bokeh simulation on slight out of focus]]
[2022.03.01-00.19.53:550][  0]LogConfig: Setting CVar [[r.DOF.TemporalAAQuality:1                ; more stable temporal accumulation]]
[2022.03.01-00.19.53:550][  0]LogConfig: Setting CVar [[r.DOF.Kernel.MaxForegroundRadius:0.025]]
[2022.03.01-00.19.53:550][  0]LogConfig: Setting CVar [[r.DOF.Kernel.MaxBackgroundRadius:0.025]]
[2022.03.01-00.19.53:550][  0]LogConfig: Applying CVar settings from Section [TextureQuality@3] File [d:/Repos/GitHub/Engin3TP2/UnrealEngineHourofCode/Saved/Config/Windows/Scalability.ini]
[2022.03.01-00.19.53:550][  0]LogConfig: Setting CVar [[r.Streaming.MipBias:0]]
[2022.03.01-00.19.53:550][  0]LogConfig: Setting CVar [[r.Streaming.AmortizeCPUToGPUCopy:0]]
[2022.03.01-00.19.53:550][  0]LogConfig: Setting CVar [[r.Streaming.MaxNumTexturesToStreamPerFrame:0]]
[2022.03.01-00.19.53:550][  0]LogConfig: Setting CVar [[r.Streaming.Boost:1]]
[2022.03.01-00.19.53:550][  0]LogConfig: Setting CVar [[r.MaxAnisotropy:8]]
[2022.03.01-00.19.53:550][  0]LogConfig: Setting CVar [[r.VT.MaxAnisotropy:8]]
[2022.03.01-00.19.53:550][  0]LogConfig: Setting CVar [[r.Streaming.LimitPoolSizeToVRAM:0]]
[2022.03.01-00.19.53:550][  0]LogConfig: Setting CVar [[r.Streaming.PoolSize:1000]]
[2022.03.01-00.19.53:550][  0]LogConfig: Setting CVar [[r.Streaming.MaxEffectiveScreenSize:0]]
[2022.03.01-00.19.53:550][  0]LogConfig: Applying CVar settings from Section [EffectsQuality@3] File [d:/Repos/GitHub/Engin3TP2/UnrealEngineHourofCode/Saved/Config/Windows/Scalability.ini]
[2022.03.01-00.19.53:550][  0]LogConfig: Setting CVar [[r.TranslucencyLightingVolumeDim:64]]
[2022.03.01-00.19.53:550][  0]LogConfig: Setting CVar [[r.RefractionQuality:2]]
[2022.03.01-00.19.53:550][  0]LogConfig: Setting CVar [[r.SSR.Quality:3]]
[2022.03.01-00.19.53:550][  0]LogConfig: Setting CVar [[r.SSR.HalfResSceneColor:0]]
[2022.03.01-00.19.53:550][  0]LogConfig: Setting CVar [[r.SceneColorFormat:4]]
[2022.03.01-00.19.53:550][  0]LogConfig: Setting CVar [[r.DetailMode:2]]
[2022.03.01-00.19.53:550][  0]LogConfig: Setting CVar [[r.TranslucencyVolumeBlur:1]]
[2022.03.01-00.19.53:550][  0]LogConfig: Setting CVar [[r.MaterialQualityLevel:1 ; High quality]]
[2022.03.01-00.19.53:550][  0]LogConfig: Setting CVar [[r.AnisotropicMaterials:1]]
[2022.03.01-00.19.53:550][  0]LogConfig: Setting CVar [[r.SSS.Scale:1]]
[2022.03.01-00.19.53:550][  0]LogConfig: Setting CVar [[r.SSS.SampleSet:2]]
[2022.03.01-00.19.53:550][  0]LogConfig: Setting CVar [[r.SSS.Quality:1]]
[2022.03.01-00.19.53:550][  0]LogConfig: Setting CVar [[r.SSS.HalfRes:0]]
[2022.03.01-00.19.53:550][  0]LogConfig: Setting CVar [[r.SSGI.Quality:3]]
[2022.03.01-00.19.53:550][  0]LogConfig: Setting CVar [[r.EmitterSpawnRateScale:1.0]]
[2022.03.01-00.19.53:550][  0]LogConfig: Setting CVar [[r.ParticleLightQuality:2]]
[2022.03.01-00.19.53:551][  0]LogConfig: Setting CVar [[r.SkyAtmosphere.AerialPerspectiveLUT.FastApplyOnOpaque:1 ; Always have FastSkyLUT 1 in this case to avoid wrong sky]]
[2022.03.01-00.19.53:551][  0]LogConfig: Setting CVar [[r.SkyAtmosphere.AerialPerspectiveLUT.SampleCountMaxPerSlice:4]]
[2022.03.01-00.19.53:551][  0]LogConfig: Setting CVar [[r.SkyAtmosphere.AerialPerspectiveLUT.DepthResolution:16.0]]
[2022.03.01-00.19.53:551][  0]LogConfig: Setting CVar [[r.SkyAtmosphere.FastSkyLUT:1]]
[2022.03.01-00.19.53:551][  0]LogConfig: Setting CVar [[r.SkyAtmosphere.FastSkyLUT.SampleCountMin:4.0]]
[2022.03.01-00.19.53:551][  0]LogConfig: Setting CVar [[r.SkyAtmosphere.FastSkyLUT.SampleCountMax:128.0]]
[2022.03.01-00.19.53:551][  0]LogConfig: Setting CVar [[r.SkyAtmosphere.SampleCountMin:4.0]]
[2022.03.01-00.19.53:551][  0]LogConfig: Setting CVar [[r.SkyAtmosphere.SampleCountMax:128.0]]
[2022.03.01-00.19.53:551][  0]LogConfig: Setting CVar [[r.SkyAtmosphere.TransmittanceLUT.UseSmallFormat:0]]
[2022.03.01-00.19.53:551][  0]LogConfig: Setting CVar [[r.SkyAtmosphere.TransmittanceLUT.SampleCount:10.0]]
[2022.03.01-00.19.53:551][  0]LogConfig: Setting CVar [[r.SkyAtmosphere.MultiScatteringLUT.SampleCount:15.0]]
[2022.03.01-00.19.53:551][  0]LogConfig: Setting CVar [[r.SkyLight.RealTimeReflectionCapture:1]]
[2022.03.01-00.19.53:551][  0]LogConfig: Applying CVar settings from Section [FoliageQuality@3] File [d:/Repos/GitHub/Engin3TP2/UnrealEngineHourofCode/Saved/Config/Windows/Scalability.ini]
[2022.03.01-00.19.53:551][  0]LogConfig: Setting CVar [[foliage.DensityScale:1.0]]
[2022.03.01-00.19.53:551][  0]LogConfig: Setting CVar [[grass.DensityScale:1.0]]
[2022.03.01-00.19.53:551][  0]LogConfig: Applying CVar settings from Section [ShadingQuality@3] File [d:/Repos/GitHub/Engin3TP2/UnrealEngineHourofCode/Saved/Config/Windows/Scalability.ini]
[2022.03.01-00.19.53:551][  0]LogConfig: Setting CVar [[r.HairStrands.SkyLighting.IntegrationType:2]]
[2022.03.01-00.19.53:551][  0]LogConfig: Setting CVar [[r.HairStrands.SkyAO.SampleCount:4]]
[2022.03.01-00.19.53:551][  0]LogConfig: Setting CVar [[r.HairStrands.Visibility.MSAA.SamplePerPixel:4]]
[2022.03.01-00.19.53:551][  0]LogConfig: Applying CVar settings from Section [Startup] File [../../../Engine/Config/ConsoleVariables.ini]
[2022.03.01-00.19.53:551][  0]LogConfig: Setting CVar [[net.UseAdaptiveNetUpdateFrequency:0]]
[2022.03.01-00.19.53:551][  0]LogConfig: Setting CVar [[p.chaos.AllowCreatePhysxBodies:1]]
[2022.03.01-00.19.53:551][  0]LogConfig: Setting CVar [[fx.SkipVectorVMBackendOptimizations:1]]
[2022.03.01-00.19.53:551][  0]LogConfig: Applying CVar settings from Section [ConsoleVariables] File [d:/Repos/GitHub/Engin3TP2/UnrealEngineHourofCode/Saved/Config/Windows/Engine.ini]
[2022.03.01-00.19.53:551][  0]LogConfig: Applying CVar settings from Section [ConsoleVariables] File [d:/Repos/GitHub/Engin3TP2/UnrealEngineHourofCode/Saved/Config/Windows/Editor.ini]
[2022.03.01-00.19.53:552][  0]LogInit: Computer: DESKTOP-PROGVR
[2022.03.01-00.19.53:552][  0]LogInit: User: nakol
[2022.03.01-00.19.53:552][  0]LogInit: CPU Page size=4096, Cores=6
[2022.03.01-00.19.53:552][  0]LogInit: High frequency timer resolution =10.000000 MHz
[2022.03.01-00.19.53:552][  0]LogMemory: Memory total: Physical=16.0GB (16GB approx)
[2022.03.01-00.19.53:552][  0]LogMemory: Platform Memory Stats for Windows
[2022.03.01-00.19.53:552][  0]LogMemory: Process Physical Memory: 147.95 MB used, 147.95 MB peak
[2022.03.01-00.19.53:552][  0]LogMemory: Process Virtual Memory: 133.72 MB used, 133.72 MB peak
[2022.03.01-00.19.53:552][  0]LogMemory: Physical Memory: 9842.31 MB used,  6493.77 MB free, 16336.09 MB total
[2022.03.01-00.19.53:552][  0]LogMemory: Virtual Memory: 134205304.00 MB used,  12425.02 MB free, 134217728.00 MB total
[2022.03.01-00.19.53:563][  0]LogWindows: WindowsPlatformFeatures enabled
[2022.03.01-00.19.53:646][  0]LogInit: Physics initialised using underlying interface: PhysX
[2022.03.01-00.19.53:648][  0]LogInit: Using OS detected language (en-GB).
[2022.03.01-00.19.53:648][  0]LogInit: Using OS detected locale (en-CA).
[2022.03.01-00.19.53:664][  0]LogTextLocalizationManager: No specific localization for 'en-GB' exists, so the 'en' localization will be used.
[2022.03.01-00.19.53:849][  0]LogInit: Setting process to per monitor DPI aware
[2022.03.01-00.19.53:867][  0]LogWindowsTextInputMethodSystem: Display: IME system deactivated.
[2022.03.01-00.19.53:890][  0]LogSlate: New Slate User Created.  User Index 0, Is Virtual User: 0
[2022.03.01-00.19.53:890][  0]LogSlate: Slate User Registered.  User Index 0, Is Virtual User: 0
[2022.03.01-00.19.54:237][  0]LogD3D11RHI: Loaded GFSDK_Aftermath_Lib.x64.dll
[2022.03.01-00.20.04:846][  0]LogHMD: Failed to initialize OpenVR with code 108
[2022.03.01-00.20.04:846][  0]LogD3D11RHI: D3D11 min allowed feature level: 11_0
[2022.03.01-00.20.04:846][  0]LogD3D11RHI: D3D11 max allowed feature level: 11_0
[2022.03.01-00.20.04:846][  0]LogD3D11RHI: D3D11 adapters:
[2022.03.01-00.20.04:962][  0]LogD3D11RHI:    0. 'NVIDIA GeForce GTX 1660' (Feature Level 11_0)
[2022.03.01-00.20.04:962][  0]LogD3D11RHI:       5992/0/8168 MB DedicatedVideo/DedicatedSystem/SharedSystem, Outputs:2, VendorId:0x10de
[2022.03.01-00.20.04:965][  0]LogD3D11RHI:    1. 'Microsoft Basic Render Driver' (Feature Level 11_0)
[2022.03.01-00.20.04:965][  0]LogD3D11RHI:       0/0/8168 MB DedicatedVideo/DedicatedSystem/SharedSystem, Outputs:0, VendorId:0x1414
[2022.03.01-00.20.04:965][  0]LogD3D11RHI: Chosen D3D11 Adapter:
[2022.03.01-00.20.04:965][  0]LogD3D11RHI:     Description : NVIDIA GeForce GTX 1660
[2022.03.01-00.20.04:965][  0]LogD3D11RHI:     VendorId    : 10de
[2022.03.01-00.20.04:965][  0]LogD3D11RHI:     DeviceId    : 2184
[2022.03.01-00.20.04:965][  0]LogD3D11RHI:     SubSysId    : 254319da
[2022.03.01-00.20.04:965][  0]LogD3D11RHI:     Revision    : 00a1
[2022.03.01-00.20.04:965][  0]LogD3D11RHI:     DedicatedVideoMemory : 6283067392 bytes
[2022.03.01-00.20.04:965][  0]LogD3D11RHI:     DedicatedSystemMemory : 0 bytes
[2022.03.01-00.20.04:965][  0]LogD3D11RHI:     SharedSystemMemory : 8564813824 bytes
[2022.03.01-00.20.04:965][  0]LogD3D11RHI:     AdapterLuid : 0 84929
[2022.03.01-00.20.04:975][  0]LogD3D11RHI: Creating new Direct3DDevice
[2022.03.01-00.20.04:975][  0]LogD3D11RHI:     GPU DeviceId: 0x2184 (for the marketing name, search the web for "GPU Device Id")
[2022.03.01-00.20.04:975][  0]LogWindows: EnumDisplayDevices:
[2022.03.01-00.20.04:975][  0]LogWindows:    0. 'NVIDIA GeForce GTX 1660' (P:1 D:1)
[2022.03.01-00.20.04:976][  0]LogWindows:    1. 'NVIDIA GeForce GTX 1660' (P:0 D:1)
[2022.03.01-00.20.04:976][  0]LogWindows:    2. 'NVIDIA GeForce GTX 1660' (P:0 D:0)
[2022.03.01-00.20.04:976][  0]LogWindows:    3. 'NVIDIA GeForce GTX 1660' (P:0 D:0)
[2022.03.01-00.20.04:977][  0]LogWindows: DebugString: FoundDriverCount:4 
[2022.03.01-00.20.04:977][  0]LogD3D11RHI:     Adapter Name: NVIDIA GeForce GTX 1660
[2022.03.01-00.20.04:977][  0]LogD3D11RHI:   Driver Version: 511.79 (internal:30.0.15.1179, unified:511.79)
[2022.03.01-00.20.04:977][  0]LogD3D11RHI:      Driver Date: 2-10-2022
[2022.03.01-00.20.04:977][  0]LogRHI: Texture pool is 4194 MB (70% of 5992 MB)
[2022.03.01-00.20.04:977][  0]LogD3D11RHI: Creating D3DDevice using adapter:
[2022.03.01-00.20.04:977][  0]LogD3D11RHI:     Description : NVIDIA GeForce GTX 1660
[2022.03.01-00.20.04:977][  0]LogD3D11RHI:     VendorId    : 10de
[2022.03.01-00.20.04:977][  0]LogD3D11RHI:     DeviceId    : 2184
[2022.03.01-00.20.04:977][  0]LogD3D11RHI:     SubSysId    : 254319da
[2022.03.01-00.20.04:977][  0]LogD3D11RHI:     Revision    : 00a1
[2022.03.01-00.20.04:977][  0]LogD3D11RHI:     DedicatedVideoMemory : 6283067392 bytes
[2022.03.01-00.20.04:977][  0]LogD3D11RHI:     DedicatedSystemMemory : 0 bytes
[2022.03.01-00.20.04:977][  0]LogD3D11RHI:     SharedSystemMemory : 8564813824 bytes
[2022.03.01-00.20.04:977][  0]LogD3D11RHI:     AdapterLuid : 0 84929
[2022.03.01-00.20.05:037][  0]LogD3D11RHI: RHI has support for 64 bit atomics
[2022.03.01-00.20.05:037][  0]LogD3D11RHI: Async texture creation enabled
[2022.03.01-00.20.05:037][  0]LogD3D11RHI: Array index from any shader is supported
[2022.03.01-00.20.05:039][  0]LogD3D11RHI: HDR output is supported on display 0 (NvId: 0x80061086).
[2022.03.01-00.20.05:052][  0]LogD3D11RHI: GPU Timing Frequency: 1000.000000 (Debug: 2 1)
[2022.03.01-00.20.05:080][  0]LogRHI: GeForceNow SDK initialized: 1
[2022.03.01-00.20.05:868][  0]LogTargetPlatformManager: Display: Loaded TargetPlatform 'AllDesktop'
[2022.03.01-00.20.05:899][  0]LogTargetPlatformManager: Display: Loaded TargetPlatform 'Android'
[2022.03.01-00.20.05:899][  0]LogTargetPlatformManager: Display: Loaded TargetPlatform 'Android_ASTC'
[2022.03.01-00.20.05:899][  0]LogTargetPlatformManager: Display: Loaded TargetPlatform 'Android_DXT'
[2022.03.01-00.20.05:899][  0]LogTargetPlatformManager: Display: Loaded TargetPlatform 'Android_ETC2'
[2022.03.01-00.20.05:899][  0]LogTargetPlatformManager: Display: Loaded TargetPlatform 'AndroidClient'
[2022.03.01-00.20.05:899][  0]LogTargetPlatformManager: Display: Loaded TargetPlatform 'Android_ASTCClient'
[2022.03.01-00.20.05:899][  0]LogTargetPlatformManager: Display: Loaded TargetPlatform 'Android_DXTClient'
[2022.03.01-00.20.05:899][  0]LogTargetPlatformManager: Display: Loaded TargetPlatform 'Android_ETC2Client'
[2022.03.01-00.20.05:899][  0]LogTargetPlatformManager: Display: Loaded TargetPlatform 'Android_Multi'
[2022.03.01-00.20.05:899][  0]LogTargetPlatformManager: Display: Loaded TargetPlatform 'Android_MultiClient'
[2022.03.01-00.20.05:933][  0]LogTargetPlatformManager: Display: Loaded TargetPlatform 'IOSClient'
[2022.03.01-00.20.05:933][  0]LogTargetPlatformManager: Display: Loaded TargetPlatform 'IOS'
[2022.03.01-00.20.05:953][  0]LogTargetPlatformManager: Display: Loaded TargetPlatform 'Linux'
[2022.03.01-00.20.05:962][  0]LogTargetPlatformManager: Display: Loaded TargetPlatform 'LinuxNoEditor'
[2022.03.01-00.20.05:971][  0]LogTargetPlatformManager: Display: Loaded TargetPlatform 'LinuxClient'
[2022.03.01-00.20.05:980][  0]LogTargetPlatformManager: Display: Loaded TargetPlatform 'LinuxServer'
[2022.03.01-00.20.05:999][  0]LogTargetPlatformManager: Display: Loaded TargetPlatform 'LinuxAArch64NoEditor'
[2022.03.01-00.20.06:008][  0]LogTargetPlatformManager: Display: Loaded TargetPlatform 'LinuxAArch64Client'
[2022.03.01-00.20.06:016][  0]LogTargetPlatformManager: Display: Loaded TargetPlatform 'LinuxAArch64Server'
[2022.03.01-00.20.06:058][  0]LogTargetPlatformManager: Display: Loaded TargetPlatform 'Lumin'
[2022.03.01-00.20.06:058][  0]LogTargetPlatformManager: Display: Loaded TargetPlatform 'LuminClient'
[2022.03.01-00.20.06:075][  0]LogTargetPlatformManager: Display: Loaded TargetPlatform 'MacNoEditor'
[2022.03.01-00.20.06:083][  0]LogTargetPlatformManager: Display: Loaded TargetPlatform 'Mac'
[2022.03.01-00.20.06:091][  0]LogTargetPlatformManager: Display: Loaded TargetPlatform 'MacClient'
[2022.03.01-00.20.06:100][  0]LogTargetPlatformManager: Display: Loaded TargetPlatform 'MacServer'
[2022.03.01-00.20.06:118][  0]LogTargetPlatformManager: Display: Loaded TargetPlatform 'TVOSClient'
[2022.03.01-00.20.06:118][  0]LogTargetPlatformManager: Display: Loaded TargetPlatform 'TVOS'
[2022.03.01-00.20.06:135][  0]LogTargetPlatformManager: Display: Loaded TargetPlatform 'WindowsNoEditor'
[2022.03.01-00.20.06:145][  0]LogTargetPlatformManager: Display: Loaded TargetPlatform 'Windows'
[2022.03.01-00.20.06:154][  0]LogTargetPlatformManager: Display: Loaded TargetPlatform 'WindowsClient'
[2022.03.01-00.20.06:163][  0]LogTargetPlatformManager: Display: Loaded TargetPlatform 'WindowsServer'
[2022.03.01-00.20.06:163][  0]LogTargetPlatformManager: Display: Building Assets For Windows
[2022.03.01-00.20.06:184][  0]LogAudioDebug: Display: Lib vorbis DLL was dynamically loaded.
[2022.03.01-00.20.06:295][  0]LogTextureFormatOodle: Display: Oodle Texture 2.9.0 init RDO Off
[2022.03.01-00.20.06:373][  0]LogRendererCore: Ray tracing is disabled. Reason: r.RayTracing=0.
[2022.03.01-00.20.06:373][  0]LogShaderCompilers: Guid format shader working directory is -18 characters bigger than the processId version (../../../../../../Repos/GitHub/Engin3TP2/UnrealEngineHourofCode/Intermediate/Shaders/WorkingDirectory/57464/).
[2022.03.01-00.20.06:373][  0]LogShaderCompilers: Cleaned the shader compiler working directory 'C:/Users/nakol/AppData/Local/Temp/UnrealShaderWorkingDir/2ADC07CE482B0EC7B149BAAEBC7EA184/'.
[2022.03.01-00.20.06:373][  0]LogXGEController: Cannot use XGE Controller as Incredibuild is not installed on this machine.
[2022.03.01-00.20.06:374][  0]LogShaderCompilers: Cannot use XGE Shader Compiler as Incredibuild is not installed on this machine.
[2022.03.01-00.20.06:374][  0]LogShaderCompilers: Display: Using Local Shader Compiler.
[2022.03.01-00.20.07:154][  0]LogDerivedDataCache: Display: Max Cache Size: 512 MB
[2022.03.01-00.20.07:209][  0]LogDerivedDataCache: Loaded boot cache 0.05s 94MB C:/Users/nakol/AppData/Local/UnrealEngine/4.27/DerivedDataCache/Boot.ddc.
[2022.03.01-00.20.07:209][  0]LogDerivedDataCache: Display: Loaded Boot cache: C:/Users/nakol/AppData/Local/UnrealEngine/4.27/DerivedDataCache/Boot.ddc
[2022.03.01-00.20.07:209][  0]LogDerivedDataCache: FDerivedDataBackendGraph:  Pak pak cache file ../../../../../../Repos/GitHub/Engin3TP2/UnrealEngineHourofCode/DerivedDataCache/DDC.ddp not found, will not use a pak cache.
[2022.03.01-00.20.07:209][  0]LogDerivedDataCache: Unable to find inner node Pak for hierarchical cache Hierarchy.
[2022.03.01-00.20.07:210][  0]LogDerivedDataCache: FDerivedDataBackendGraph:  CompressedPak pak cache file ../../../../../../Repos/GitHub/Engin3TP2/UnrealEngineHourofCode/DerivedDataCache/Compressed.ddp not found, will not use a pak cache.
[2022.03.01-00.20.07:210][  0]LogDerivedDataCache: Unable to find inner node CompressedPak for hierarchical cache Hierarchy.
[2022.03.01-00.20.07:228][  0]LogDerivedDataCache: Display: Pak cache opened for reading ../../../Engine/DerivedDataCache/Compressed.ddp.
[2022.03.01-00.20.07:228][  0]LogDerivedDataCache: FDerivedDataBackendGraph:  EnterprisePak pak cache file ../../../Enterprise/DerivedDataCache/Compressed.ddp not found, will not use a pak cache.
[2022.03.01-00.20.07:228][  0]LogDerivedDataCache: Unable to find inner node EnterprisePak for hierarchical cache Hierarchy.
[2022.03.01-00.20.07:238][  0]LogDerivedDataCache: Speed tests for C:/Users/nakol/AppData/Local/UnrealEngine/Common/DerivedDataCache took 0.01 seconds
[2022.03.01-00.20.07:239][  0]LogDerivedDataCache: Display: Performance to C:/Users/nakol/AppData/Local/UnrealEngine/Common/DerivedDataCache: Latency=0.15ms. RandomReadSpeed=546.49MBs, RandomWriteSpeed=135.08MBs. Assigned SpeedClass 'Local'
[2022.03.01-00.20.07:241][  0]LogDerivedDataCache: Using Local data cache path C:/Users/nakol/AppData/Local/UnrealEngine/Common/DerivedDataCache: Writable
[2022.03.01-00.20.07:241][  0]LogDerivedDataCache: Shared data cache path not found in *engine.ini, will not use an Shared cache.
[2022.03.01-00.20.07:241][  0]LogDerivedDataCache: Unable to find inner node Shared for hierarchical cache Hierarchy.
[2022.03.01-00.20.07:285][  0]LogSlate: Using FreeType 2.10.0
[2022.03.01-00.20.07:286][  0]LogSlate: SlateFontServices - WITH_FREETYPE: 1, WITH_HARFBUZZ: 1
[2022.03.01-00.20.07:330][  0]LogAssetRegistry: FAssetRegistry took 0.0035 seconds to start up
[2022.03.01-00.20.07:632][  0]LogInit: Selected Device Profile: [Windows]
[2022.03.01-00.20.07:632][  0]LogInit: Active device profile: [000001BC72B0C700][000001BC6E216C40 49] Windows
[2022.03.01-00.20.07:632][  0]LogInit: Profiles: [000001BC72B0C700][000001BC6E216C40 49] Windows, [000001BC72A8F700][000001BC6E21ADC0 49] WindowsNoEditor, [000001BC72B0F300][000001BC6E21EF40 49] WindowsServer, [000001BC72A8CF00][000001BC6E2230C0 49] WindowsClient, [000001BC72B0F500][000001BC71901240 49] IOS, [000001BC7298BF00][000001BC719053C0 49] iPadAir, [000001BC72A8FB00][000001BC71909540 49] iPadAir2, [000001BC738EC500][000001BC7254F800 49] IPadPro, [000001BC738EC600][000001BC7190D840 49] iPadAir3, [000001BC72988100][000001BC725539C0 49] iPadAir4, [000001BC738EEC00][000001BC72557B40 49] iPadMini2, [000001BC7298A500][000001BC7255A140 49] iPadMini3, [000001BC738EF400][000001BC71CD62C0 49] iPadMini4, [000001BC72988F00][000001BC71CDA440 49] iPadMini5, [000001BC738EBE00][000001BC720F4700 49] iPhone6, [000001BC738EBF00][000001BC720F0740 49] iPodTouch6, [000001BC72B0F900][000001BC6E2129C0 49] iPhone7, [000001BC72B0E100][000001BC720F8A00 49] iPodTouch7, [000001BC738E8400][000001BC720FCB40 49] iPhone5S, [000001BC738EFD00][000001BC72104C80 49] iPhone6Plus, [000001BC72B0F400][000001BC72108DC0 49] iPhone6S, [000001BC738EE000][000001BC72110F40 49] iPhone6SPlus, [000001BC72B0C900][000001BC721150C0 49] iPhone7Plus, [000001BC738ECE00][000001BC72119240 49] iPhoneSE, [000001BC72B0C200][000001BC7211D3C0 49] iPhone8, [000001BC738EE400][000001BC72121540 49] iPhone8Plus, [000001BC72B0DE00][000001BC721256C0 49] iPhoneX, [000001BC738EFE00][000001BC72129840 49] iPhoneXS, [000001BC72B0D600][000001BC7212D9C0 49] iPhoneXSMax, [000001BC738EE500][000001BC72131B40 49] iPhoneXR, [000001BC72B0EA00][000001BC72134140 49] iPhone11, [000001BC738EFA00][000001BC721382C0 49] iPhone11Pro, [000001BC72B0CF00][000001BC7213C440 49] iPhone11ProMax, [000001BC738EE300][000001BC721405C0 49] iPhoneSE2, [000001BC72B0E700][000001BC72144740 49] iPhone12Mini, [000001BC738EC700][000001BC721488C0 49] iPhone12, [000001BC72B0F100][000001BC7214CA40 49] iPhone12Pro, [000001BC738EF500][000001BC7210CB80 49] iPhone12ProMax, [000001BC72B0C800][000001BC71CDECC0 49] iPadPro105, [000001BC738EDC00][000001BC71CE2E00 49] iPadPro129, [000001BC72B0C300][000001BC71CE6F40 49] iPadPro97, [000001BC738EDD00][000001BC71CEF0C0 49] iPadPro2_129, [000001BC72B0CC00][000001BC71CF3240 49] iPad5, [000001BC738EF000][000001BC71CF73C0 49] iPad6, [000001BC72B0EC00][000001BC71CFB540 49] iPad7, [000001BC738EEE00][000001BC71CFF6C0 49] iPad8, [000001BC72B0D800][000001BC71D03840 49] iPadPro11, [000001BC738EDB00][000001BC71D079C0 49] iPadPro2_11, [000001BC72B0D500][000001BC71D0BB40 49] iPadPro3_129, [000001BC738EE700][000001BC71D0E140 49] iPadPro4_129, [000001BC72B0C100][000001BC71D122C0 49] AppleTV, [000001BC738EEB00][000001BC71D16440 49] AppleTV4K, [000001BC72B0DB00][000001BC71D1A5C0 49] TVOS, [000001BC738EC900][000001BC71D1E740 49] Mac, [000001BC72B0D700][000001BC71D228C0 49] MacClient, [000001BC738EEF00][000001BC71D26A40 49] MacNoEditor, [000001BC72B0CD00][000001BC71D2ABC0 49] MacServer, [000001BC738EC300][000001BC71D2ED40 49] Linux, [000001BC72B0EE00][000001BC71CEAE80 49] LinuxAArch64, [000001BC738ED500][000001BC71D32FC0 49] LinuxNoEditor, [000001BC72B0E400][000001BC71D37100 49] LinuxAArch64NoEditor, [000001BC738EC200][000001BC724D5280 49] LinuxClient, [000001BC72B0ED00][000001BC724D9400 49] LinuxAArch64Client, [000001BC738ECC00][000001BC724DD580 49] LinuxServer, [000001BC72B0C400][000001BC724E1700 49] LinuxAArch64Server, [000001BC738ED000][000001BC724E5880 49] Android, [000001BC7298B900][000001BC724E9A00 49] Android_Low, [000001BC738E9B00][000001BC724EDB80 49] Android_Mid, [000001BC7298B000][000001BC724F0180 49] Android_High, [000001BC738EA300][000001BC724F4300 49] Android_Default, [000001BC7298A000][000001BC724F8480 49] Android_Adreno4xx, [000001BC738E8100][000001BC724FC600 49] Android_Adreno5xx_Low, [000001BC72988B00][000001BC72500780 49] Android_Adreno5xx, [000001BC738E9800][000001BC72504900 49] Android_Adreno6xx, [000001BC72989100][000001BC72508A80 49] Android_Adreno6xx_Vulkan, [000001BC738E8800][000001BC7250CC00 49] Android_Mali_T6xx, [000001BC7298B600][000001BC72510D80 49] Android_Mali_T7xx, [000001BC738E8D00][000001BC72514F00 49] Android_Mali_T8xx, [000001BC7298BC00][000001BC71D3B040 49] Android_Mali_G71, [000001BC738E9500][000001BC72519180 49] Android_Mali_G72, [000001BC7298BE00][000001BC7251D2C0 49] Android_Mali_G72_Vulkan, [000001BC738EBD00][000001BC72525440 49] Android_Mali_G76, [000001BC7298BA00][000001BC725295C0 49] Android_Mali_G76_Vulkan, [000001BC738EB600][000001BC7252D740 49] Android_Mali_G77, [000001BC7298A200][000001BC725318C0 49] Android_Mali_G77_Vulkan, [000001BC738E9200][000001BC72535A40 49] Android_Mali_G78, [000001BC72988A00][000001BC72539BC0 49] Android_Mali_G78_Vulkan, [000001BC738EB000][000001BC7253C1C0 49] Android_Mali_G710, [000001BC72989400][000001BC72540340 49] Android_Mali_G710_Vulkan, [000001BC738E8700][000001BC725444C0 49] Android_Vulkan_SM5, [000001BC72989800][000001BC6DFBA640 49] Android_PowerVR_G6xxx, [000001BC738E8E00][000001BC6DFBE7C0 49] Android_PowerVR_GT7xxx, [000001BC72988200][000001BC6DFC2940 49] Android_PowerVR_GE8xxx, [000001BC738E8600][000001BC6DFC6AC0 49] Android_PowerVR_GM9xxx, [000001BC7298A600][000001BC6DFCAC40 49] Android_PowerVR_GM9xxx_Vulkan, [000001BC738ECF00][000001BC6DFCEDC0 49] Android_TegraK1, [000001BC7298AA00][000001BC6DFD2F40 49] Android_Unknown_Vulkan, [000001BC738ECD00][000001BC6DFD70C0 49] Lumin, [000001BC72989200][000001BC72521200 49] Lumin_Desktop, [000001BC738ECB00][000001BC6DFDB340 49] HoloLens, 
[2022.03.01-00.20.07:827][  0]LogMeshReduction: Using QuadricMeshReduction for automatic static mesh reduction
[2022.03.01-00.20.07:827][  0]LogMeshReduction: Using SimplygonMeshReduction for automatic skeletal mesh reduction
[2022.03.01-00.20.07:827][  0]LogMeshReduction: Using ProxyLODMeshReduction for automatic mesh merging
[2022.03.01-00.20.07:827][  0]LogMeshReduction: No distributed automatic mesh merging module available
[2022.03.01-00.20.07:827][  0]LogMeshMerging: No distributed automatic mesh merging module available
[2022.03.01-00.20.07:855][  0]LogNetVersion: Engin3TP2 1.0.0, NetCL: 17155196, EngineNetVer: 17, GameNetVer: 0 (Checksum: 4238597789)
[2022.03.01-00.20.08:440][  0]LogTexture: Default maximum texture size for cubemaps generated from long-lat sources has been changed from 512 to unlimited. In order to preserve old behaiour for '/Engine/MapTemplates/Sky/DaylightAmbientCubemap.DaylightAmbientCubemap', its maximum texture size has been explicitly set to 512.
[2022.03.01-00.20.08:502][  0]LogHMD: PokeAHoleMaterial loaded successfully
[2022.03.01-00.20.08:507][  0]LogUObjectArray: 17178 objects as part of root set at end of initial load.
[2022.03.01-00.20.08:507][  0]LogUObjectAllocator: 4302048 out of 0 bytes used by permanent object pool.
[2022.03.01-00.20.08:507][  0]LogUObjectArray: CloseDisregardForGC: 0/0 objects in disregard for GC pool
[2022.03.01-00.20.10:824][  0]LogNiagaraDebuggerClient: Niagara Debugger Client Initialized | Session: C150573340E28805F8F5EA8EA1B2298A | Instance: 81ED7B254BBD767FF41230AD018BCA7C (DESKTOP-PROGVR-57464).
[2022.03.01-00.20.10:890][  0]LogPython: Using Python 3.7.7
[2022.03.01-00.20.11:593][  0]LogTcpMessaging: Initializing TcpMessaging bridge
[2022.03.01-00.20.11:602][  0]LogUdpMessaging: Initializing bridge on interface 0.0.0.0:0 to multicast group 230.0.0.1:6666.
[2022.03.01-00.20.11:750][  0]LogLinker: Warning: Failed to load '/Game/SideScrollerBP/SideScrollerOverview': Can't find file.
[2022.03.01-00.20.11:750][  0]LogLinker: Warning: Failed to load '/Game/SideScrollerBP/SideScrollerOverview': Can't find file.
[2022.03.01-00.20.11:750][  0]LogUObjectGlobals: Warning: Failed to find object 'Class /Game/SideScrollerBP/SideScrollerOverview.SideScrollerOverview_C'
[2022.03.01-00.20.12:014][  0]SourceControl: Source control is disabled
[2022.03.01-00.20.12:497][  0]LogUProjectInfo: Found projects:
[2022.03.01-00.20.12:996][  0]LogOpenImageDenoise: OIDN starting up
[2022.03.01-00.20.13:118][  0]LogAndroidPermission: UAndroidPermissionCallbackProxy::GetInstance
[2022.03.01-00.20.13:169][  0]LogAudioCaptureCore: Display: No Audio Capture implementations found. Audio input will be silent.
[2022.03.01-00.20.13:169][  0]LogAudioCaptureCore: Display: No Audio Capture implementations found. Audio input will be silent.
[2022.03.01-00.20.13:382][  0]LogCollectionManager: Loaded 0 collections in 0.001069 seconds
[2022.03.01-00.20.13:440][  0]LogFileCache: Scanning file cache for directory 'd:/Repos/GitHub/Engin3TP2/UnrealEngineHourofCode/Saved/Collections/' took 0.00s
[2022.03.01-00.20.13:440][  0]LogFileCache: Scanning file cache for directory 'd:/Repos/GitHub/Engin3TP2/UnrealEngineHourofCode/Content/Developers/nakol/Collections/' took 0.00s
[2022.03.01-00.20.13:440][  0]LogFileCache: Scanning file cache for directory 'd:/Repos/GitHub/Engin3TP2/UnrealEngineHourofCode/Content/Collections/' took 0.00s
[2022.03.01-00.20.13:440][  0]LogOcInput: OculusInput pre-init called
[2022.03.01-00.20.13:822][  0]LogEngine: Initializing Engine...
[2022.03.01-00.20.13:968][  0]LogHMD: Failed to initialize OpenVR with code 108
[2022.03.01-00.20.14:009][  0]LogHMD: Optional extension XR_KHR_opengl_enable is not available
[2022.03.01-00.20.14:009][  0]LogHMD: Optional extension XR_KHR_vulkan_enable is not available
[2022.03.01-00.20.14:009][  0]LogHMD: Optional extension XR_VARJO_quad_views is not available
[2022.03.01-00.20.14:075][  0]LogHMD: Failed to get an OpenXR system, result is XR_ERROR_FORM_FACTOR_UNAVAILABLE. Please check that your runtime supports VR headsets.
[2022.03.01-00.20.14:075][  0]LogMagicLeap: Warning: VR disabled because ZI is not enabled.  To enable, in the editor, Edit -> Project Settings -> Plugins -> Magic Leap Plugin -> Enable Zero Iteration
[2022.03.01-00.20.14:076][  0]LogStats: UGameplayTagsManager::InitializeManager -  0.000 s
[2022.03.01-00.20.14:216][  0]LogInit: Initializing FReadOnlyCVARCache
[2022.03.01-00.20.14:233][  0]LogAIModule: Creating AISystem for world Untitled
[2022.03.01-00.20.14:234][  0]LogAudio: Display: Initializing Audio Device Manager...
[2022.03.01-00.20.14:243][  0]LogAudio: Display: Loading Default Audio Settings Objects...
[2022.03.01-00.20.14:244][  0]LogAudio: Display: No default SoundConcurrencyObject specified (or failed to load).
[2022.03.01-00.20.14:245][  0]LogAudio: Display: Audio Device Manager Initialized
[2022.03.01-00.20.14:245][  0]LogAudio: Display: Creating Audio Device:                 Id: 1, Scope: Shared, Realtime: True
[2022.03.01-00.20.14:245][  0]LogAudioMixer: Display: Audio Mixer Platform Settings:
[2022.03.01-00.20.14:245][  0]LogAudioMixer: Display: 	Sample Rate:						  48000
[2022.03.01-00.20.14:245][  0]LogAudioMixer: Display: 	Callback Buffer Frame Size Requested: 1024
[2022.03.01-00.20.14:245][  0]LogAudioMixer: Display: 	Callback Buffer Frame Size To Use:	  1024
[2022.03.01-00.20.14:245][  0]LogAudioMixer: Display: 	Number of buffers to queue:			  2
[2022.03.01-00.20.14:245][  0]LogAudioMixer: Display: 	Max Channels (voices):				  32
[2022.03.01-00.20.14:245][  0]LogAudioMixer: Display: 	Number of Async Source Workers:		  0
[2022.03.01-00.20.14:245][  0]LogAudio: Display: AudioDevice MaxSources: 32
[2022.03.01-00.20.14:245][  0]LogAudio: Display: Audio Spatialization Plugin: None (built-in).
[2022.03.01-00.20.14:245][  0]LogAudio: Display: Audio Reverb Plugin: None (built-in).
[2022.03.01-00.20.14:245][  0]LogAudio: Display: Audio Occlusion Plugin: None (built-in).
[2022.03.01-00.20.14:245][  0]LogAudioMixer: Display: Initializing audio mixer.
[2022.03.01-00.20.14:301][  0]LogAudioMixer: Display: 0: FrontLeft
[2022.03.01-00.20.14:301][  0]LogAudioMixer: Display: 1: FrontRight
[2022.03.01-00.20.14:334][  0]LogAudioMixer: Display: Using Audio Device Haut-parleurs (Realtek High Definition Audio)
[2022.03.01-00.20.14:336][  0]LogAudioMixer: Display: Initializing Sound Submixes...
[2022.03.01-00.20.14:343][  0]LogAudioMixer: Display: Creating Master Submix 'MasterSubmixDefault'
[2022.03.01-00.20.14:344][  0]LogAudioMixer: Display: Creating Master Submix 'MasterReverbSubmixDefault'
[2022.03.01-00.20.14:344][  0]LogAudioMixer: Display: Creating Master Submix 'MasterEQSubmixDefault'
[2022.03.01-00.20.14:344][  0]LogAudioMixer: FMixerPlatformXAudio2::StartAudioStream() called
[2022.03.01-00.20.14:344][  0]LogAudioMixer: Display: Output buffers initialized: Frames=1024, Channels=2, Samples=2048
[2022.03.01-00.20.14:346][  0]LogAudioMixer: Display: Starting AudioMixerPlatformInterface::RunInternal()
[2022.03.01-00.20.14:346][  0]LogAudioMixer: Display: FMixerPlatformXAudio2::SubmitBuffer() called for the first time
[2022.03.01-00.20.14:346][  0]LogInit: FAudioDevice initialized.
[2022.03.01-00.20.14:346][  0]LogAudio: Display: Audio Device (ID: 1) registered with world 'Untitled'.
[2022.03.01-00.20.14:346][  0]LogNetVersion: Set ProjectVersion to 4.1. Version Checksum will be recalculated on next use.
[2022.03.01-00.20.14:468][  0]LogDerivedDataCache: Saved boot cache 0.12s 94MB C:/Users/nakol/AppData/Local/UnrealEngine/4.27/DerivedDataCache/Boot.ddc.
[2022.03.01-00.20.14:469][  0]LogInit: Texture streaming: Enabled
[2022.03.01-00.20.14:498][  0]LogAnalytics: Display: [UEEditor.Rocket.Release] APIServer = https://datarouter.ol.epicgames.com/. AppVersion = 4.27.2-18319896+++UE4+Release-4.27
[2022.03.01-00.20.14:508][  0]LogEngineSessionManager: EngineSessionManager initialized
[2022.03.01-00.20.14:508][  0]LogEditorSessionSummary: Verbose: Initializing EditorSessionSummaryWriter for editor session tracking
[2022.03.01-00.20.14:514][  0]LogEditorSessionSummary: EditorSessionSummaryWriter initialized
[2022.03.01-00.20.14:562][  0]LogInit: Transaction tracking system initialized
[2022.03.01-00.20.14:615][  0]BlueprintLog: New page: Editor Load
[2022.03.01-00.20.14:762][  0]LocalizationService: Localization service is disabled
[2022.03.01-00.20.14:820][  0]TimingProfiler: Initialize
[2022.03.01-00.20.14:821][  0]TimingProfiler: OnSessionChanged
[2022.03.01-00.20.14:821][  0]LoadingProfiler: Initialize
[2022.03.01-00.20.14:821][  0]LoadingProfiler: OnSessionChanged
[2022.03.01-00.20.14:821][  0]NetworkingProfiler: Initialize
[2022.03.01-00.20.14:821][  0]NetworkingProfiler: OnSessionChanged
[2022.03.01-00.20.14:821][  0]MemoryProfiler: Initialize
[2022.03.01-00.20.14:821][  0]MemoryProfiler: OnSessionChanged
[2022.03.01-00.20.14:830][  0]LogClass: Warning: In asset 'None', there is an enum property of type 'EIOSVersion' with an invalid value of 'IOS_11'
[2022.03.01-00.20.14:831][  0]LogObj: Error: LoadConfig (/Script/IOSRuntimeSettings.Default__IOSRuntimeSettings): import failed for MinimumiOSVersion in: IOS_11
[2022.03.01-00.20.15:139][  0]LogCook: Display: CookSettings for Memory: MemoryMaxUsedVirtual 0MiB, MemoryMaxUsedPhysical 16384MiB, MemoryMinFreeVirtual 0MiB, MemoryMinFreePhysical 1024MiB
[2022.03.01-00.20.15:139][  0]LogCook: Display: Mobile HDR setting 1
[2022.03.01-00.20.15:231][  0]LogFileCache: Scanning file cache for directory 'd:/Repos/GitHub/Engin3TP2/UnrealEngineHourofCode/Content/' took 0.02s
[2022.03.01-00.20.15:800][  0]LogInit: Display: Engine is initialized. Leaving FEngineLoop::Init()
[2022.03.01-00.20.15:806][  0]LogUnrealEdMisc: Loading editor; pre map load, took 25.649
[2022.03.01-00.20.15:806][  0]Cmd: MAP LOAD FILE="../../../../../../Repos/GitHub/Engin3TP2/UnrealEngineHourofCode/Content/Hour_of_Code/Maps/Level_HOC_world.umap" TEMPLATE=0 SHOWPROGRESS=1 FEATURELEVEL=3
[2022.03.01-00.20.15:807][  0]LightingResults: New page: Lighting Build
[2022.03.01-00.20.15:809][  0]LogWorld: UWorld::CleanupWorld for Untitled, bSessionEnded=true, bCleanupResources=true
[2022.03.01-00.20.15:809][  0]LogSlate: InvalidateAllWidgets triggered.  All widgets were invalidated
[2022.03.01-00.20.15:809][  0]MapCheck: New page: Map Check
[2022.03.01-00.20.15:809][  0]LightingResults: New page: Lighting Build
[2022.03.01-00.20.15:812][  0]LogAudio: Display: Audio Device unregistered from world 'None'.
[2022.03.01-00.20.15:815][  0]LogUObjectHash: Compacting FUObjectHashTables data took   0.85ms
[2022.03.01-00.20.17:451][  0]LogAudio: Display: Audio Device (ID: 1) registered with world 'Level_HOC_world'.
[2022.03.01-00.20.17:452][  0]LogAIModule: Creating AISystem for world Level_HOC_world
[2022.03.01-00.20.18:491][  0]LogStreaming: Display: ULevelStreaming::RequestLevel(/Game/TeachersMarketplace/Maps/TeacherMarketplace_LIGHTING_01) is flushing async loading
[2022.03.01-00.20.18:491][  0]LogStreaming: Display: FlushAsyncLoading: 1 QueuedPackages, 0 AsyncPackages
[2022.03.01-00.20.18:496][  0]LogTexture: Default maximum texture size for cubemaps generated from long-lat sources has been changed from 512 to unlimited. In order to preserve old behaiour for '/Game/StarterContent/HDRI/HDRI_Epic_Courtyard_Daylight.HDRI_Epic_Courtyard_Daylight', its maximum texture size has been explicitly set to 512.
[2022.03.01-00.20.19:226][  0]LogStreaming: Display: ULevelStreaming::RequestLevel(/Game/Hour_of_Code/Maps/Level_03_end) is flushing async loading
[2022.03.01-00.20.19:253][  0]LogStreaming: Display: ULevelStreaming::RequestLevel(/Game/Hour_of_Code/Maps/Level_01_end) is flushing async loading
[2022.03.01-00.20.19:273][  0]LogStreaming: Display: ULevelStreaming::RequestLevel(/Game/Hour_of_Code/Maps/Level_02_end) is flushing async loading
[2022.03.01-00.20.19:295][  0]LogStreaming: Display: ULevelStreaming::RequestLevel(/Game/Hour_of_Code/Maps/Level_04_end) is flushing async loading
[2022.03.01-00.20.19:325][  0]LogStreaming: Display: ULevelStreaming::RequestLevel(/Game/Hour_of_Code/Maps/Level_05_end) is flushing async loading
[2022.03.01-00.20.19:470][  0]LogEditorServer: Finished looking for orphan Actors (0.000 secs)
[2022.03.01-00.20.19:491][  0]LogUObjectHash: Compacting FUObjectHashTables data took   1.44ms
[2022.03.01-00.20.19:492][  0]Cmd: MAP CHECKDEP NOCLEARLOG
[2022.03.01-00.20.19:495][  0]MapCheck: Map check complete: 0 Error(s), 0 Warning(s), took 2.633ms to complete.
[2022.03.01-00.20.19:495][  0]LogFileHelpers: Loading map 'Level_HOC_world' took 3.689
[2022.03.01-00.20.19:497][  0]LogUnrealEdMisc: Total Editor Startup Time, took 29.340
[2022.03.01-00.20.19:621][  0]LogSlate: Updating window title bar state: overlay mode, drag disabled, window buttons hidden, title bar hidden
[2022.03.01-00.20.19:629][  0]LogSlate: Updating window title bar state: overlay mode, drag disabled, window buttons hidden, title bar hidden
[2022.03.01-00.20.19:637][  0]LogSlate: Updating window title bar state: overlay mode, drag disabled, window buttons hidden, title bar hidden
[2022.03.01-00.20.19:644][  0]LogSlate: Updating window title bar state: overlay mode, drag disabled, window buttons hidden, title bar hidden
[2022.03.01-00.20.19:663][  0]LogNativeClassHierarchy: Verbose: Native class hierarchy populated in 0.0116 seconds. Added 3822 classes and 928 folders.
[2022.03.01-00.20.19:667][  0]LogNativeClassHierarchy: Verbose: Native class hierarchy updated for 'WidgetCarousel' in 0.0002 seconds. Added 0 classes and 0 folders.
[2022.03.01-00.20.19:671][  0]LogPakFile: PakFile PrimaryIndexSize=187
[2022.03.01-00.20.19:671][  0]LogPakFile: PakFile PathHashIndexSize=101
[2022.03.01-00.20.19:671][  0]LogPakFile: PakFile FullDirectoryIndexSize=148
[2022.03.01-00.20.19:671][  0]LogShaderLibrary: Display: ShaderCodeLibraryPakFileMountedCallback: PakFile 'd:/Program Files/Epic Games/UE_4.27/FeaturePacks/FP_FirstPerson.upack' (chunk index -1, root 'root:/') mounted
[2022.03.01-00.20.19:671][  0]LogShaderLibrary: Display: ShaderCodeLibraryPakFileMountedCallback: pending pak file info (ChunkID:-1 Root:root:/ File:d:/Program Files/Epic Games/UE_4.27/FeaturePacks/FP_FirstPerson.upack)
[2022.03.01-00.20.19:671][  0]LogPakFile: OnPakFileMounted2Time == 0.000054
[2022.03.01-00.20.19:672][  0]LogPakFile: PakFile PrimaryIndexSize=189
[2022.03.01-00.20.19:672][  0]LogPakFile: PakFile PathHashIndexSize=101
[2022.03.01-00.20.19:672][  0]LogPakFile: PakFile FullDirectoryIndexSize=152
[2022.03.01-00.20.19:672][  0]LogShaderLibrary: Display: ShaderCodeLibraryPakFileMountedCallback: PakFile 'd:/Program Files/Epic Games/UE_4.27/FeaturePacks/FP_FirstPersonBP.upack' (chunk index -1, root 'root:/') mounted
[2022.03.01-00.20.19:672][  0]LogShaderLibrary: Display: ShaderCodeLibraryPakFileMountedCallback: pending pak file info (ChunkID:-1 Root:root:/ File:d:/Program Files/Epic Games/UE_4.27/FeaturePacks/FP_FirstPersonBP.upack)
[2022.03.01-00.20.19:672][  0]LogPakFile: OnPakFileMounted2Time == 0.000032
[2022.03.01-00.20.19:673][  0]LogPakFile: PakFile PrimaryIndexSize=191
[2022.03.01-00.20.19:673][  0]LogPakFile: PakFile PathHashIndexSize=101
[2022.03.01-00.20.19:674][  0]LogPakFile: PakFile FullDirectoryIndexSize=160
[2022.03.01-00.20.19:674][  0]LogShaderLibrary: Display: ShaderCodeLibraryPakFileMountedCallback: PakFile 'd:/Program Files/Epic Games/UE_4.27/FeaturePacks/MobileStarterContent.upack' (chunk index -1, root 'root:/') mounted
[2022.03.01-00.20.19:674][  0]LogShaderLibrary: Display: ShaderCodeLibraryPakFileMountedCallback: pending pak file info (ChunkID:-1 Root:root:/ File:d:/Program Files/Epic Games/UE_4.27/FeaturePacks/MobileStarterContent.upack)
[2022.03.01-00.20.19:674][  0]LogPakFile: OnPakFileMounted2Time == 0.000030
[2022.03.01-00.20.19:675][  0]LogPakFile: PakFile PrimaryIndexSize=185
[2022.03.01-00.20.19:675][  0]LogPakFile: PakFile PathHashIndexSize=101
[2022.03.01-00.20.19:675][  0]LogPakFile: PakFile FullDirectoryIndexSize=148
[2022.03.01-00.20.19:675][  0]LogShaderLibrary: Display: ShaderCodeLibraryPakFileMountedCallback: PakFile 'd:/Program Files/Epic Games/UE_4.27/FeaturePacks/StarterContent.upack' (chunk index -1, root 'root:/') mounted
[2022.03.01-00.20.19:675][  0]LogShaderLibrary: Display: ShaderCodeLibraryPakFileMountedCallback: pending pak file info (ChunkID:-1 Root:root:/ File:d:/Program Files/Epic Games/UE_4.27/FeaturePacks/StarterContent.upack)
[2022.03.01-00.20.19:675][  0]LogPakFile: OnPakFileMounted2Time == 0.000039
[2022.03.01-00.20.19:676][  0]LogPakFile: PakFile PrimaryIndexSize=190
[2022.03.01-00.20.19:676][  0]LogPakFile: PakFile PathHashIndexSize=101
[2022.03.01-00.20.19:676][  0]LogPakFile: PakFile FullDirectoryIndexSize=154
[2022.03.01-00.20.19:676][  0]LogShaderLibrary: Display: ShaderCodeLibraryPakFileMountedCallback: PakFile 'd:/Program Files/Epic Games/UE_4.27/FeaturePacks/TP_2DSideScroller.upack' (chunk index -1, root 'root:/') mounted
[2022.03.01-00.20.19:676][  0]LogShaderLibrary: Display: ShaderCodeLibraryPakFileMountedCallback: pending pak file info (ChunkID:-1 Root:root:/ File:d:/Program Files/Epic Games/UE_4.27/FeaturePacks/TP_2DSideScroller.upack)
[2022.03.01-00.20.19:677][  0]LogPakFile: OnPakFileMounted2Time == 0.000032
[2022.03.01-00.20.19:678][  0]LogPakFile: PakFile PrimaryIndexSize=192
[2022.03.01-00.20.19:678][  0]LogPakFile: PakFile PathHashIndexSize=101
[2022.03.01-00.20.19:678][  0]LogPakFile: PakFile FullDirectoryIndexSize=158
[2022.03.01-00.20.19:678][  0]LogShaderLibrary: Display: ShaderCodeLibraryPakFileMountedCallback: PakFile 'd:/Program Files/Epic Games/UE_4.27/FeaturePacks/TP_2DSideScrollerBP.upack' (chunk index -1, root 'root:/') mounted
[2022.03.01-00.20.19:678][  0]LogShaderLibrary: Display: ShaderCodeLibraryPakFileMountedCallback: pending pak file info (ChunkID:-1 Root:root:/ File:d:/Program Files/Epic Games/UE_4.27/FeaturePacks/TP_2DSideScrollerBP.upack)
[2022.03.01-00.20.19:678][  0]LogPakFile: OnPakFileMounted2Time == 0.000028
[2022.03.01-00.20.19:679][  0]LogPakFile: PakFile PrimaryIndexSize=182
[2022.03.01-00.20.19:679][  0]LogPakFile: PakFile PathHashIndexSize=101
[2022.03.01-00.20.19:679][  0]LogPakFile: PakFile FullDirectoryIndexSize=138
[2022.03.01-00.20.19:679][  0]LogShaderLibrary: Display: ShaderCodeLibraryPakFileMountedCallback: PakFile 'd:/Program Files/Epic Games/UE_4.27/FeaturePacks/TP_Flying.upack' (chunk index -1, root 'root:/') mounted
[2022.03.01-00.20.19:679][  0]LogShaderLibrary: Display: ShaderCodeLibraryPakFileMountedCallback: pending pak file info (ChunkID:-1 Root:root:/ File:d:/Program Files/Epic Games/UE_4.27/FeaturePacks/TP_Flying.upack)
[2022.03.01-00.20.19:679][  0]LogPakFile: OnPakFileMounted2Time == 0.000036
[2022.03.01-00.20.19:681][  0]LogPakFile: PakFile PrimaryIndexSize=184
[2022.03.01-00.20.19:681][  0]LogPakFile: PakFile PathHashIndexSize=101
[2022.03.01-00.20.19:681][  0]LogPakFile: PakFile FullDirectoryIndexSize=142
[2022.03.01-00.20.19:681][  0]LogShaderLibrary: Display: ShaderCodeLibraryPakFileMountedCallback: PakFile 'd:/Program Files/Epic Games/UE_4.27/FeaturePacks/TP_FlyingBP.upack' (chunk index -1, root 'root:/') mounted
[2022.03.01-00.20.19:681][  0]LogShaderLibrary: Display: ShaderCodeLibraryPakFileMountedCallback: pending pak file info (ChunkID:-1 Root:root:/ File:d:/Program Files/Epic Games/UE_4.27/FeaturePacks/TP_FlyingBP.upack)
[2022.03.01-00.20.19:681][  0]LogPakFile: OnPakFileMounted2Time == 0.000029
[2022.03.01-00.20.19:682][  0]LogPakFile: PakFile PrimaryIndexSize=188
[2022.03.01-00.20.19:682][  0]LogPakFile: PakFile PathHashIndexSize=101
[2022.03.01-00.20.19:683][  0]LogPakFile: PakFile FullDirectoryIndexSize=150
[2022.03.01-00.20.19:683][  0]LogShaderLibrary: Display: ShaderCodeLibraryPakFileMountedCallback: PakFile 'd:/Program Files/Epic Games/UE_4.27/FeaturePacks/TP_HandheldARBP.upack' (chunk index -1, root 'root:/') mounted
[2022.03.01-00.20.19:683][  0]LogShaderLibrary: Display: ShaderCodeLibraryPakFileMountedCallback: pending pak file info (ChunkID:-1 Root:root:/ File:d:/Program Files/Epic Games/UE_4.27/FeaturePacks/TP_HandheldARBP.upack)
[2022.03.01-00.20.19:683][  0]LogPakFile: OnPakFileMounted2Time == 0.000030
[2022.03.01-00.20.19:684][  0]LogPakFile: PakFile PrimaryIndexSize=182
[2022.03.01-00.20.19:684][  0]LogPakFile: PakFile PathHashIndexSize=101
[2022.03.01-00.20.19:684][  0]LogPakFile: PakFile FullDirectoryIndexSize=138
[2022.03.01-00.20.19:684][  0]LogShaderLibrary: Display: ShaderCodeLibraryPakFileMountedCallback: PakFile 'd:/Program Files/Epic Games/UE_4.27/FeaturePacks/TP_Puzzle.upack' (chunk index -1, root 'root:/') mounted
[2022.03.01-00.20.19:684][  0]LogShaderLibrary: Display: ShaderCodeLibraryPakFileMountedCallback: pending pak file info (ChunkID:-1 Root:root:/ File:d:/Program Files/Epic Games/UE_4.27/FeaturePacks/TP_Puzzle.upack)
[2022.03.01-00.20.19:684][  0]LogPakFile: OnPakFileMounted2Time == 0.000042
[2022.03.01-00.20.19:686][  0]LogPakFile: PakFile PrimaryIndexSize=184
[2022.03.01-00.20.19:686][  0]LogPakFile: PakFile PathHashIndexSize=101
[2022.03.01-00.20.19:686][  0]LogPakFile: PakFile FullDirectoryIndexSize=142
[2022.03.01-00.20.19:686][  0]LogShaderLibrary: Display: ShaderCodeLibraryPakFileMountedCallback: PakFile 'd:/Program Files/Epic Games/UE_4.27/FeaturePacks/TP_PuzzleBP.upack' (chunk index -1, root 'root:/') mounted
[2022.03.01-00.20.19:686][  0]LogShaderLibrary: Display: ShaderCodeLibraryPakFileMountedCallback: pending pak file info (ChunkID:-1 Root:root:/ File:d:/Program Files/Epic Games/UE_4.27/FeaturePacks/TP_PuzzleBP.upack)
[2022.03.01-00.20.19:686][  0]LogPakFile: OnPakFileMounted2Time == 0.000033
[2022.03.01-00.20.19:687][  0]LogPakFile: PakFile PrimaryIndexSize=183
[2022.03.01-00.20.19:687][  0]LogPakFile: PakFile PathHashIndexSize=101
[2022.03.01-00.20.19:687][  0]LogPakFile: PakFile FullDirectoryIndexSize=140
[2022.03.01-00.20.19:687][  0]LogShaderLibrary: Display: ShaderCodeLibraryPakFileMountedCallback: PakFile 'd:/Program Files/Epic Games/UE_4.27/FeaturePacks/TP_Rolling.upack' (chunk index -1, root 'root:/') mounted
[2022.03.01-00.20.19:687][  0]LogShaderLibrary: Display: ShaderCodeLibraryPakFileMountedCallback: pending pak file info (ChunkID:-1 Root:root:/ File:d:/Program Files/Epic Games/UE_4.27/FeaturePacks/TP_Rolling.upack)
[2022.03.01-00.20.19:687][  0]LogPakFile: OnPakFileMounted2Time == 0.000029
[2022.03.01-00.20.19:688][  0]LogPakFile: PakFile PrimaryIndexSize=185
[2022.03.01-00.20.19:689][  0]LogPakFile: PakFile PathHashIndexSize=101
[2022.03.01-00.20.19:689][  0]LogPakFile: PakFile FullDirectoryIndexSize=144
[2022.03.01-00.20.19:689][  0]LogShaderLibrary: Display: ShaderCodeLibraryPakFileMountedCallback: PakFile 'd:/Program Files/Epic Games/UE_4.27/FeaturePacks/TP_RollingBP.upack' (chunk index -1, root 'root:/') mounted
[2022.03.01-00.20.19:689][  0]LogShaderLibrary: Display: ShaderCodeLibraryPakFileMountedCallback: pending pak file info (ChunkID:-1 Root:root:/ File:d:/Program Files/Epic Games/UE_4.27/FeaturePacks/TP_RollingBP.upack)
[2022.03.01-00.20.19:689][  0]LogPakFile: OnPakFileMounted2Time == 0.000030
[2022.03.01-00.20.19:690][  0]LogPakFile: PakFile PrimaryIndexSize=188
[2022.03.01-00.20.19:690][  0]LogPakFile: PakFile PathHashIndexSize=101
[2022.03.01-00.20.19:690][  0]LogPakFile: PakFile FullDirectoryIndexSize=150
[2022.03.01-00.20.19:690][  0]LogShaderLibrary: Display: ShaderCodeLibraryPakFileMountedCallback: PakFile 'd:/Program Files/Epic Games/UE_4.27/FeaturePacks/TP_SideScroller.upack' (chunk index -1, root 'root:/') mounted
[2022.03.01-00.20.19:690][  0]LogShaderLibrary: Display: ShaderCodeLibraryPakFileMountedCallback: pending pak file info (ChunkID:-1 Root:root:/ File:d:/Program Files/Epic Games/UE_4.27/FeaturePacks/TP_SideScroller.upack)
[2022.03.01-00.20.19:690][  0]LogPakFile: OnPakFileMounted2Time == 0.000029
[2022.03.01-00.20.19:691][  0]LogPakFile: PakFile PrimaryIndexSize=190
[2022.03.01-00.20.19:691][  0]LogPakFile: PakFile PathHashIndexSize=101
[2022.03.01-00.20.19:691][  0]LogPakFile: PakFile FullDirectoryIndexSize=154
[2022.03.01-00.20.19:691][  0]LogShaderLibrary: Display: ShaderCodeLibraryPakFileMountedCallback: PakFile 'd:/Program Files/Epic Games/UE_4.27/FeaturePacks/TP_SideScrollerBP.upack' (chunk index -1, root 'root:/') mounted
[2022.03.01-00.20.19:691][  0]LogShaderLibrary: Display: ShaderCodeLibraryPakFileMountedCallback: pending pak file info (ChunkID:-1 Root:root:/ File:d:/Program Files/Epic Games/UE_4.27/FeaturePacks/TP_SideScrollerBP.upack)
[2022.03.01-00.20.19:691][  0]LogPakFile: OnPakFileMounted2Time == 0.000028
[2022.03.01-00.20.19:692][  0]LogPakFile: PakFile PrimaryIndexSize=187
[2022.03.01-00.20.19:692][  0]LogPakFile: PakFile PathHashIndexSize=101
[2022.03.01-00.20.19:692][  0]LogPakFile: PakFile FullDirectoryIndexSize=148
[2022.03.01-00.20.19:692][  0]LogShaderLibrary: Display: ShaderCodeLibraryPakFileMountedCallback: PakFile 'd:/Program Files/Epic Games/UE_4.27/FeaturePacks/TP_ThirdPerson.upack' (chunk index -1, root 'root:/') mounted
[2022.03.01-00.20.19:692][  0]LogShaderLibrary: Display: ShaderCodeLibraryPakFileMountedCallback: pending pak file info (ChunkID:-1 Root:root:/ File:d:/Program Files/Epic Games/UE_4.27/FeaturePacks/TP_ThirdPerson.upack)
[2022.03.01-00.20.19:692][  0]LogPakFile: OnPakFileMounted2Time == 0.000029
[2022.03.01-00.20.19:694][  0]LogPakFile: PakFile PrimaryIndexSize=189
[2022.03.01-00.20.19:694][  0]LogPakFile: PakFile PathHashIndexSize=101
[2022.03.01-00.20.19:694][  0]LogPakFile: PakFile FullDirectoryIndexSize=152
[2022.03.01-00.20.19:694][  0]LogShaderLibrary: Display: ShaderCodeLibraryPakFileMountedCallback: PakFile 'd:/Program Files/Epic Games/UE_4.27/FeaturePacks/TP_ThirdPersonBP.upack' (chunk index -1, root 'root:/') mounted
[2022.03.01-00.20.19:694][  0]LogShaderLibrary: Display: ShaderCodeLibraryPakFileMountedCallback: pending pak file info (ChunkID:-1 Root:root:/ File:d:/Program Files/Epic Games/UE_4.27/FeaturePacks/TP_ThirdPersonBP.upack)
[2022.03.01-00.20.19:694][  0]LogPakFile: OnPakFileMounted2Time == 0.000038
[2022.03.01-00.20.19:695][  0]LogPakFile: PakFile PrimaryIndexSize=183
[2022.03.01-00.20.19:696][  0]LogPakFile: PakFile PathHashIndexSize=101
[2022.03.01-00.20.19:696][  0]LogPakFile: PakFile FullDirectoryIndexSize=140
[2022.03.01-00.20.19:696][  0]LogShaderLibrary: Display: ShaderCodeLibraryPakFileMountedCallback: PakFile 'd:/Program Files/Epic Games/UE_4.27/FeaturePacks/TP_TopDown.upack' (chunk index -1, root 'root:/') mounted
[2022.03.01-00.20.19:696][  0]LogShaderLibrary: Display: ShaderCodeLibraryPakFileMountedCallback: pending pak file info (ChunkID:-1 Root:root:/ File:d:/Program Files/Epic Games/UE_4.27/FeaturePacks/TP_TopDown.upack)
[2022.03.01-00.20.19:696][  0]LogPakFile: OnPakFileMounted2Time == 0.000050
[2022.03.01-00.20.19:697][  0]LogPakFile: PakFile PrimaryIndexSize=185
[2022.03.01-00.20.19:697][  0]LogPakFile: PakFile PathHashIndexSize=101
[2022.03.01-00.20.19:697][  0]LogPakFile: PakFile FullDirectoryIndexSize=144
[2022.03.01-00.20.19:697][  0]LogShaderLibrary: Display: ShaderCodeLibraryPakFileMountedCallback: PakFile 'd:/Program Files/Epic Games/UE_4.27/FeaturePacks/TP_TopDownBP.upack' (chunk index -1, root 'root:/') mounted
[2022.03.01-00.20.19:697][  0]LogShaderLibrary: Display: ShaderCodeLibraryPakFileMountedCallback: pending pak file info (ChunkID:-1 Root:root:/ File:d:/Program Files/Epic Games/UE_4.27/FeaturePacks/TP_TopDownBP.upack)
[2022.03.01-00.20.19:697][  0]LogPakFile: OnPakFileMounted2Time == 0.000030
[2022.03.01-00.20.19:698][  0]LogPakFile: PakFile PrimaryIndexSize=185
[2022.03.01-00.20.19:698][  0]LogPakFile: PakFile PathHashIndexSize=101
[2022.03.01-00.20.19:698][  0]LogPakFile: PakFile FullDirectoryIndexSize=144
[2022.03.01-00.20.19:698][  0]LogShaderLibrary: Display: ShaderCodeLibraryPakFileMountedCallback: PakFile 'd:/Program Files/Epic Games/UE_4.27/FeaturePacks/TP_TwinStick.upack' (chunk index -1, root 'root:/') mounted
[2022.03.01-00.20.19:698][  0]LogShaderLibrary: Display: ShaderCodeLibraryPakFileMountedCallback: pending pak file info (ChunkID:-1 Root:root:/ File:d:/Program Files/Epic Games/UE_4.27/FeaturePacks/TP_TwinStick.upack)
[2022.03.01-00.20.19:698][  0]LogPakFile: OnPakFileMounted2Time == 0.000029
[2022.03.01-00.20.19:699][  0]LogPakFile: PakFile PrimaryIndexSize=187
[2022.03.01-00.20.19:699][  0]LogPakFile: PakFile PathHashIndexSize=101
[2022.03.01-00.20.19:699][  0]LogPakFile: PakFile FullDirectoryIndexSize=148
[2022.03.01-00.20.19:699][  0]LogShaderLibrary: Display: ShaderCodeLibraryPakFileMountedCallback: PakFile 'd:/Program Files/Epic Games/UE_4.27/FeaturePacks/TP_TwinStickBP.upack' (chunk index -1, root 'root:/') mounted
[2022.03.01-00.20.19:699][  0]LogShaderLibrary: Display: ShaderCodeLibraryPakFileMountedCallback: pending pak file info (ChunkID:-1 Root:root:/ File:d:/Program Files/Epic Games/UE_4.27/FeaturePacks/TP_TwinStickBP.upack)
[2022.03.01-00.20.19:699][  0]LogPakFile: OnPakFileMounted2Time == 0.000029
[2022.03.01-00.20.19:700][  0]LogPakFile: PakFile PrimaryIndexSize=183
[2022.03.01-00.20.19:701][  0]LogPakFile: PakFile PathHashIndexSize=101
[2022.03.01-00.20.19:701][  0]LogPakFile: PakFile FullDirectoryIndexSize=140
[2022.03.01-00.20.19:701][  0]LogShaderLibrary: Display: ShaderCodeLibraryPakFileMountedCallback: PakFile 'd:/Program Files/Epic Games/UE_4.27/FeaturePacks/TP_Vehicle.upack' (chunk index -1, root 'root:/') mounted
[2022.03.01-00.20.19:701][  0]LogShaderLibrary: Display: ShaderCodeLibraryPakFileMountedCallback: pending pak file info (ChunkID:-1 Root:root:/ File:d:/Program Files/Epic Games/UE_4.27/FeaturePacks/TP_Vehicle.upack)
[2022.03.01-00.20.19:701][  0]LogPakFile: OnPakFileMounted2Time == 0.000037
[2022.03.01-00.20.19:702][  0]LogPakFile: PakFile PrimaryIndexSize=186
[2022.03.01-00.20.19:702][  0]LogPakFile: PakFile PathHashIndexSize=101
[2022.03.01-00.20.19:702][  0]LogPakFile: PakFile FullDirectoryIndexSize=146
[2022.03.01-00.20.19:702][  0]LogShaderLibrary: Display: ShaderCodeLibraryPakFileMountedCallback: PakFile 'd:/Program Files/Epic Games/UE_4.27/FeaturePacks/TP_VehicleAdv.upack' (chunk index -1, root 'root:/') mounted
[2022.03.01-00.20.19:702][  0]LogShaderLibrary: Display: ShaderCodeLibraryPakFileMountedCallback: pending pak file info (ChunkID:-1 Root:root:/ File:d:/Program Files/Epic Games/UE_4.27/FeaturePacks/TP_VehicleAdv.upack)
[2022.03.01-00.20.19:702][  0]LogPakFile: OnPakFileMounted2Time == 0.000034
[2022.03.01-00.20.19:704][  0]LogPakFile: PakFile PrimaryIndexSize=188
[2022.03.01-00.20.19:704][  0]LogPakFile: PakFile PathHashIndexSize=101
[2022.03.01-00.20.19:704][  0]LogPakFile: PakFile FullDirectoryIndexSize=150
[2022.03.01-00.20.19:704][  0]LogShaderLibrary: Display: ShaderCodeLibraryPakFileMountedCallback: PakFile 'd:/Program Files/Epic Games/UE_4.27/FeaturePacks/TP_VehicleAdvBP.upack' (chunk index -1, root 'root:/') mounted
[2022.03.01-00.20.19:704][  0]LogShaderLibrary: Display: ShaderCodeLibraryPakFileMountedCallback: pending pak file info (ChunkID:-1 Root:root:/ File:d:/Program Files/Epic Games/UE_4.27/FeaturePacks/TP_VehicleAdvBP.upack)
[2022.03.01-00.20.19:704][  0]LogPakFile: OnPakFileMounted2Time == 0.000048
[2022.03.01-00.20.19:705][  0]LogPakFile: PakFile PrimaryIndexSize=185
[2022.03.01-00.20.19:705][  0]LogPakFile: PakFile PathHashIndexSize=101
[2022.03.01-00.20.19:705][  0]LogPakFile: PakFile FullDirectoryIndexSize=144
[2022.03.01-00.20.19:705][  0]LogShaderLibrary: Display: ShaderCodeLibraryPakFileMountedCallback: PakFile 'd:/Program Files/Epic Games/UE_4.27/FeaturePacks/TP_VehicleBP.upack' (chunk index -1, root 'root:/') mounted
[2022.03.01-00.20.19:705][  0]LogShaderLibrary: Display: ShaderCodeLibraryPakFileMountedCallback: pending pak file info (ChunkID:-1 Root:root:/ File:d:/Program Files/Epic Games/UE_4.27/FeaturePacks/TP_VehicleBP.upack)
[2022.03.01-00.20.19:705][  0]LogPakFile: OnPakFileMounted2Time == 0.000029
[2022.03.01-00.20.19:707][  0]LogPakFile: PakFile PrimaryIndexSize=192
[2022.03.01-00.20.19:707][  0]LogPakFile: PakFile PathHashIndexSize=101
[2022.03.01-00.20.19:707][  0]LogPakFile: PakFile FullDirectoryIndexSize=158
[2022.03.01-00.20.19:707][  0]LogShaderLibrary: Display: ShaderCodeLibraryPakFileMountedCallback: PakFile 'd:/Program Files/Epic Games/UE_4.27/FeaturePacks/TP_VirtualRealityBP.upack' (chunk index -1, root 'root:/') mounted
[2022.03.01-00.20.19:707][  0]LogShaderLibrary: Display: ShaderCodeLibraryPakFileMountedCallback: pending pak file info (ChunkID:-1 Root:root:/ File:d:/Program Files/Epic Games/UE_4.27/FeaturePacks/TP_VirtualRealityBP.upack)
[2022.03.01-00.20.19:707][  0]LogPakFile: OnPakFileMounted2Time == 0.000029
[2022.03.01-00.20.19:807][  0]LogNativeClassHierarchy: Verbose: Native class hierarchy updated for 'AddContentDialog' in 0.0003 seconds. Added 0 classes and 0 folders.
[2022.03.01-00.20.19:811][  0]LogNativeClassHierarchy: Verbose: Native class hierarchy updated for 'SceneOutliner' in 0.0002 seconds. Added 2 classes and 0 folders.
[2022.03.01-00.20.20:011][  0]LogSlate: Took 0.000341 seconds to synchronously load lazily loaded font '../../../Engine/Content/Slate/Fonts/Roboto-Regular.ttf' (155K)
[2022.03.01-00.20.20:012][  0]LogSlate: Took 0.000315 seconds to synchronously load lazily loaded font '../../../Engine/Content/Editor/Slate/Fonts/FontAwesome.ttf' (139K)
[2022.03.01-00.20.20:013][  0]LogSlate: Took 0.000286 seconds to synchronously load lazily loaded font '../../../Engine/Content/Slate/Fonts/Roboto-Bold.ttf' (160K)
[2022.03.01-00.20.20:132][  0]LogRenderer: Reallocating scene render targets to support 1208x568 Format 10 NumSamples 1 (Frame:1).
[2022.03.01-00.20.20:245][  0]LogNativeClassHierarchy: Verbose: Native class hierarchy updated for 'HierarchicalLODOutliner' in 0.0003 seconds. Added 0 classes and 0 folders.
[2022.03.01-00.20.20:245][  0]LogInput: Warning: Action Jump uses invalid key OculusGo_Left_Trigger_Click.
[2022.03.01-00.20.20:245][  0]LogInput: Warning: Action ResetVR uses invalid key OculusGo_Left_Trackpad_Click.
[2022.03.01-00.20.20:245][  0]LogInput: Warning: Use -RemoveInvalidKeys to remove instances of these keys from the action mapping.
[2022.03.01-00.20.20:245][  0]LogLoad: (Engine Initialization) Total time: 30.09 seconds
[2022.03.01-00.20.20:245][  0]LogLoad: (Engine Initialization) Total Blueprint compile time: 0.00 seconds
[2022.03.01-00.20.20:294][  0]LogAssetRegistry: Asset discovery search completed in 12.9647 seconds
[2022.03.01-00.20.20:304][  0]LogCollectionManager: Fixed up redirectors for 0 collections in 0.000003 seconds (updated 0 objects)
[2022.03.01-00.20.20:310][  0]LogContentStreaming: Texture pool size now 1000 MB
[2022.03.01-00.20.20:395][  3]LogSlate: Took 0.000500 seconds to synchronously load lazily loaded font '../../../Engine/Content/Slate/Fonts/Roboto-Light.ttf' (167K)
[2022.03.01-00.20.21:266][ 98]LogSlate: Took 0.000501 seconds to synchronously load lazily loaded font '../../../Engine/Content/Slate/Fonts/Roboto-Light.ttf' (167K)
[2022.03.01-00.20.36:318][844]LogAssetEditorSubsystem: Opening Asset editor for WidgetBlueprint /Game/Hour_of_Code/Widgets/W_gameCompletion.W_gameCompletion
[2022.03.01-00.20.36:473][844]LogNativeClassHierarchy: Verbose: Native class hierarchy updated for 'BlueprintGraph' in 0.0006 seconds. Added 126 classes and 0 folders.
[2022.03.01-00.20.37:261][844]LogAssetEditorSubsystem: Opening Asset editor for Blueprint /Game/Hour_of_Code/Blueprints/BP_endGoal.BP_endGoal
[2022.03.01-00.20.37:714][844]LogAssetEditorSubsystem: Opening Asset editor for Blueprint /Game/Hour_of_Code/Widgets/GameManager_Blueprint.GameManager_Blueprint
[2022.03.01-00.20.38:054][844]LogAssetEditorSubsystem: Opening Asset editor for Blueprint /Game/ThirdPersonBP/Blueprints/EpicCharacter.EpicCharacter
[2022.03.01-00.20.38:931][844]LogAssetEditorSubsystem: Opening Asset editor for Blueprint /Game/Hour_of_Code/Blueprints/BP_checkpoint.BP_checkpoint
[2022.03.01-00.20.39:265][844]LogAssetEditorSubsystem: Opening Asset editor for Blueprint /Game/ThirdPersonBP/Blueprints/ThirdPersonGameMode.ThirdPersonGameMode
[2022.03.01-00.20.39:618][844]LogAssetEditorSubsystem: Opening Asset editor for WidgetBlueprint /Game/Hour_of_Code/Widgets/GameOverDeath.GameOverDeath
[2022.03.01-00.20.40:755][844]LogSlate: Took 0.476601 seconds to synchronously load lazily loaded font '../../../Engine/Content/Slate/Fonts/Roboto-BoldCondensed.ttf' (158K)
[2022.03.01-00.20.43:006][845]LogSlate: Took 0.030413 seconds to synchronously load lazily loaded font '../../../Engine/Content/Slate/Fonts/Roboto-Italic.ttf' (157K)
